injure successRate=5 Time-Within+4 Place+4 Victim+1 noEvent
raid/n successRate=3 Attacker+4 Place+4 Time-Within+4 Target+4 Instrument+0 event
bomb/n successRate=2 Attacker+1 Target+3 event
letter/n successRate=3 Place+3 Time-Within+1 Entity+1 noEvent
suicide/n successRate=3 Place+1 event
attack/n successRate=4 Place+3 Time-Within+1 event
bomb successRate=3 Attacker+3 event
raid/n successRate=3 Attacker+4 Time-Within+3 Place+4 event
raid successRate=3 Attacker+4 Time-Within+3 Place+4 event
attack/n successRate=4 Place+4 Target+2 event
attack/n successRate=4 Time-Within+0 Place+3 Target+1 event
step successRate=2 Time-Within+1 Place+2 Entity+1 noEvent
bomb/n successRate=2 Attacker+4 Time-Within+4 event
appoint successRate=3 Place+2 Time-Starting+3 Person+4 Entity+4 event
attack/n successRate=4 Attacker+0 Target+1 event
attack/n successRate=4 Attacker+1 Place+1 Target+3 event
attack/n successRate=4 Attacker+2 Time-Within+0 Place+4 Target+2 event
raid/n successRate=3 Attacker+4 Place+2 Time-Within+2 event
suicide/n successRate=3 Place+2 event
bombings/n successRate=5 Attacker+0 Place+0 Target+1 event
violence/n successRate=2 Target+0 event
raid/n successRate=3 Attacker+3 Place+4 Time-Within+3 Target+0 event
call/n successRate=2 Place+4 Time-Within+2 Entity+2 noEvent
war successRate=3 Attacker+1 event
talk/n successRate=2 Time-Within+1 noEvent
war/n successRate=4 Place+0 Time-Before+1 noEvent
talk/n successRate=2 Time-Within+2 Entity+1 event
talk/n successRate=2 Place+0 Entity+3 event
war/n successRate=4 Attacker+0 noEvent
war/n successRate=4 Attacker+0 noEvent
attack/n successRate=4 Attacker+0 Place+3 Target+0 event
war/n successRate=4 Place+0 event
strike/n successRate=4 Attacker+1 Place+3 Time-Within+3 Target+0 event
jihad/n successRate=3 Attacker+0 Place+4 Time-Within+1 Target+1 event
protest/n successRate=3 Place+0 event
war/n successRate=4 Attacker+0 Place+1 event
strike/n successRate=4 Attacker+3 Place+3 Time-Within+3 Instrument+4 event
conflict/n successRate=3 Attacker+3 Place+0 Time-Starting+1 event
war/n successRate=4 Attacker+0 event
war/n successRate=4 Attacker+2 event
war/n successRate=4 Attacker+2 event
jihad/n successRate=3 Attacker+1 Place+2 event
war/n successRate=4 Attacker+0 event
clash/n successRate=3 Attacker+3 Place+4 event
riot/n successRate=2 Place+2 noEvent
demonstration/n successRate=5 Place+0 event
riot/n successRate=2 Place+4 Target+3 noEvent
death/n successRate=3 Victim+4 event
appeal/n successRate=2 Defendant+1 event
appeal/n successRate=2 Adjudicator+3 event
convict successRate=4 Adjudicator+1 noEvent
execution/n successRate=3 Victim+0 noEvent
appeal/n successRate=2 Adjudicator+1 event
sentence/n successRate=3 Adjudicator+4 Defendant+2 event
death/n successRate=3 Crime+1 Victim+1 event
sentence/n successRate=3 Place+4 Adjudicator+4 Defendant+2 event
convict successRate=4 Place+1 Crime+4 Defendant+1 event
convict successRate=4 Place+1 Crime+4 Defendant+1 event
death/n successRate=3 Victim+1 event
death/n successRate=3 Place+1 event
execution/n successRate=3 Time-Within+4 Place+3 Victim+0 noEvent
protest successRate=5 Time-Within+1 Place+1 event
war/n successRate=4 Attacker+1 Target+0 event
rally/n successRate=4 Target+2 noEvent
war/n successRate=4 Attacker+0 event
war/n successRate=4 Target+0 noEvent
protest/n successRate=3 Time-Within+4 Entity+0 event
owe successRate=2 Time-Within+2 noEvent
war/n successRate=4 Place+0 Time-Starting+0 event
call/n successRate=2 Entity+1 noEvent
hostility/n successRate=5 Attacker+2 noEvent
death/n successRate=3 Place+3 Victim+1 Agent+1 Time-After+0 event
kill successRate=4 Place+0 Victim+3 Instrument+1 noEvent
dead successRate=2 Victim+3 noEvent
conviction/n successRate=5 Time-Within+1 Place+1 Crime+1 Defendant+4 event
sentence/n successRate=3 Crime+1 Defendant+2 event
trial/n successRate=4 Prosecutor+1 Defendant+0 event
sentence/n successRate=3 Crime+4 Sentence+3 Defendant+2 event
appeal/n successRate=2 Time-Within+3 Place+0 noEvent
meeting/n successRate=4 Place+3 Time-Within+1 Time-Ending+3 Entity+4 noEvent
bomb/n successRate=2 Attacker+1 Target+3 Instrument+3 noEvent
charge/n successRate=2 Place+1 Defendant+1 noEvent
talk/n successRate=2 Place+3 noEvent
meeting/n successRate=4 Entity+1 noEvent
talk/n successRate=2 Entity+2 noEvent
talk/n successRate=2 Entity+1 noEvent
call/n successRate=2 Entity+3 noEvent
talk/n successRate=2 Time-Within+0 Place+4 Entity+3 noEvent
talk/n successRate=2 Entity+3 noEvent
talk/n successRate=2 Entity+2 noEvent
talk/n successRate=2 Entity+2 noEvent
talk/n successRate=2 Place+2 Time-Within+2 Entity+3 event
talk/n successRate=2 Time-Within+0 Entity+2 event
launch successRate=2 Attacker+0 Time-Within+2 noEvent
acquire successRate=3 Money+3 Buyer+0 noEvent
debut/n successRate=5 Time-Within+4 Place+1 Org+3 noEvent
thrust/n successRate=5 Artifact+2 Origin+2 noEvent
step successRate=2 Place+1 Time-Within+0 Person+2 Entity+0 event
election/n successRate=3 Time-Within+2 event
wedding/n successRate=3 Time-Within+4 Person+3 event
appeal/n successRate=2 Time-Within+1 Adjudicator+4 event
appeal/n successRate=2 Place+1 Time-Within+0 Adjudicator+1 event
sentence/n successRate=3 Crime+4 Defendant+2 event
appeal/n successRate=2 Time-Within+1 Crime+0 event
sentence/n successRate=3 Time-Within+4 Crime+3 Defendant+4 event
appeal/n successRate=2 Adjudicator+0 event
appoint successRate=3 Time-Within+2 Place+0 Position+4 Person+1 event
meeting/n successRate=4 Time-Within+0 Entity+2 event
war/n successRate=4 Attacker+0 Place+0 noEvent
violence/n successRate=2 Attacker+1 Time-Within+1 Target+0 noEvent
demonstration/n successRate=5 Place+1 Time-Starting+0 event
violence/n successRate=2 Place+0 event
war/n successRate=4 Attacker+0 event
gunfire/n successRate=3 Attacker+1 Place+0 noEvent
elect successRate=5 Entity+1 event
election/n successRate=3 Person+0 event
election/n successRate=3 Entity+3 noEvent
election/n successRate=3 Person+1 Entity+2 event
summit/n successRate=4 Place+0 Entity+2 event
hearing/n successRate=3 Time-Within+3 Prosecutor+2 Adjudicator+2 noEvent
election/n successRate=3 Place+2 Time-Within+0 Person+1 Time-Before+3 Entity+2 noEvent
divorce/n successRate=4 Time-Within+2 Person+2 event
divorce/n successRate=4 Place+4 Person+1 event
death/n successRate=3 Victim+0 noEvent
wedding/n successRate=3 Person+1 event
explode successRate=3 Time-Within+4 event
bloodshed/n successRate=5 Attacker+4 Time-Within+3 event
install successRate=2 Place+4 Person+2 noEvent
cross successRate=3 Origin+4 Destination+1 noEvent
cross successRate=3 Agent+1 Origin+4 Destination+2 noEvent
shoot successRate=3 Instrument+0 event
kill successRate=4 Victim+0 Instrument+2 event
injure successRate=5 Instrument+3 event
assault/n successRate=3 Attacker+0 Instrument+3 noEvent
assault/n successRate=3 Attacker+1 Instrument+3 noEvent
assault/n successRate=3 Instrument+1 noEvent
assault/n successRate=3 Instrument+1 noEvent
conviction/n successRate=5 Defendant+4 event
election/n successRate=3 Entity+0 event
fight/n successRate=3 Attacker+4 noEvent
election/n successRate=3 Time-Within+4 Entity+1 event
conflict/n successRate=3 Attacker+2 noEvent
fight successRate=3 Attacker+1 noEvent
assault/n successRate=3 Time-Within+1 noEvent
debut/n successRate=5 Place+3 Agent+3 noEvent
advance/n successRate=2 Artifact+0 noEvent
violence/n successRate=2 Target+3 Instrument+2 event
birth/n successRate=4 Time-Within+4 noEvent
attack/n successRate=4 Time-Within+1 Place+1 Target+0 noEvent
fire/n successRate=3 Attacker+2 Place+1 Time-Within+1 Target+1 Instrument+4 event
assault/n successRate=3 Attacker+1 Place+2 Time-Within+1 Target+2 Instrument+4 event
shoot successRate=3 Time-Within+2 Place+1 Target+1 event
assault/n successRate=3 Attacker+1 Instrument+4 noEvent
shot/n successRate=3 Attacker+2 noEvent
assault/n successRate=3 Attacker+3 Place+2 Target+0 Instrument+2 noEvent
assault successRate=5 Attacker+3 Place+2 Target+0 Instrument+2 noEvent
assault successRate=5 Attacker+3 Place+2 Target+0 Instrument+2 noEvent
expiration/n successRate=5 Instrument+0 Person+1 noEvent
assault/n successRate=3 Attacker+1 Place+0 Instrument+3 event
fire/n successRate=3 Place+1 Time-Within+3 Target+1 Instrument+4 event
war/n successRate=4 Attacker+0 event
war/n successRate=4 Attacker+1 event
battle/n successRate=3 Attacker+4 event
war/n successRate=4 Attacker+0 event
charge/n successRate=2 Defendant+4 noEvent
wound successRate=2 Victim+1 noEvent
election/n successRate=3 Place+0 event
suit/n successRate=2 Adjudicator+4 Person+3 noEvent
call/n successRate=2 Entity+1 noEvent
call/n successRate=2 Entity+4 event
hit successRate=2 Attacker+3 Place+0 Target+0 noEvent
hit successRate=2 Attacker+3 Place+0 Target+0 noEvent
death/n successRate=3 Time-Within+2 event
marry successRate=5 Place+4 Person+2 event
suicide/n successRate=3 Victim+1 event
marry successRate=5 Place+4 Person+0 event
marry successRate=5 Person+0 event
suit/n successRate=2 Crime+3 event
charge successRate=3 Defendant+0 noEvent
suit/n successRate=2 Person+0 event
suit/n successRate=2 Person+0 event
install successRate=2 Entity+0 noEvent
compensate successRate=2 Giver+4 noEvent
hit successRate=2 Attacker+0 noEvent
sue successRate=2 Plaintiff+2 event
sue successRate=2 Defendant+1 event
sue successRate=2 Defendant+4 event
head successRate=2 Time-Within+0 noEvent
war/n successRate=4 Attacker+0 event
meeting/n successRate=4 Time-Within+1 Entity+4 event
passage/n successRate=2 Artifact+4 noEvent
war/n successRate=4 Attacker+1 event
war/n successRate=4 Attacker+2 Place+1 event
meeting/n successRate=4 Place+0 event
invasion/n successRate=4 Attacker+1 Place+2 event
war/n successRate=4 Time-Starting+3 event
bomb/n successRate=2 Time-Within+3 Place+2 Target+1 Instrument+0 noEvent
war/n successRate=4 Attacker+1 event
airlifting successRate=5 Place+1 Artifact+4 Destination+4 event
war/n successRate=4 Attacker+0 event
war/n successRate=4 Attacker+0 noEvent
fight successRate=3 Place+0 noEvent
talk/n successRate=2 Place+3 Time-After+4 Entity+3 noEvent
clash/n successRate=3 Attacker+2 Place+4 event
by_-_election/n successRate=5 Time-Within+1 Position+4 event
election/n successRate=3 Time-Within+4 Entity+0 noEvent
head successRate=2 Artifact+4 noEvent
step successRate=2 Place+2 Position+1 Person+2 Entity+4 event
step successRate=2 Entity+3 event
donate successRate=2 Place+3 Time-Within+1 noEvent
fighting/n successRate=5 Attacker+1 Time-Within+0 Place+1 event
fight successRate=3 Attacker+1 Place+1 Time-Within+2 event
war/n successRate=4 Attacker+0 Time-Starting+0 event
war/n successRate=4 Attacker+0 event
war/n successRate=4 Time-Starting+0 event
war/n successRate=4 Attacker+1 event
war/n successRate=4 Attacker+2 event
war/n successRate=4 Attacker+4 event
launch successRate=2 Attacker+1 event
war/n successRate=4 Attacker+0 event
fend successRate=5 Place+4 noEvent
appeal/n successRate=2 Place+1 Crime+1 Sentence+1 event
assault/n successRate=3 Attacker+1 Time-Within+1 Target+0 event
sentence/n successRate=3 Time-Within+2 Place+1 Crime+1 Defendant+2 event
assault successRate=5 Attacker+2 Place+2 Time-Within+3 Target+4 event
hearing/n successRate=3 Time-Starting+3 event
sentence/n successRate=3 Time-Within+4 Adjudicator+1 Defendant+3 event
sentence/n successRate=3 Adjudicator+2 Defendant+3 event
appeal/n successRate=2 Adjudicator+0 event
sentence/n successRate=3 Time-Within+3 Crime+4 Defendant+2 event
assault successRate=5 Attacker+1 Time-Within+4 Person+0 event
retire successRate=3 Time-Within+2 Place+4 Person+3 Entity+4 event
loan/n successRate=5 Money+3 Giver+4 Recipient+1 event
loan/n successRate=5 Time-Within+4 Recipient+4 event
talk/n successRate=2 Time-Within+1 noEvent
loan/n successRate=5 Recipient+3 event
gunfire/n successRate=3 Time-Within+1 Place+1 Target+2 event
explosion/n successRate=3 Time-Within+0 Place+0 Target+1 event
fire/n successRate=3 Place+0 Target+2 noEvent
raid/n successRate=3 Attacker+3 Target+1 event
raid successRate=3 Attacker+3 Target+1 event
bomb successRate=3 Attacker+1 Place+3 noEvent
bomb successRate=3 Attacker+1 Place+3 noEvent
arrival/n successRate=2 Time-Within+0 Artifact+0 event
advance/n successRate=2 Time-Within+4 Artifact+1 Destination+2 noEvent
fighting/n successRate=5 Time-Within+4 Target+1 event
injured successRate=5 Victim+1 event
fire/n successRate=3 Time-Within+3 Target+1 event
strike/n successRate=4 Attacker+3 event
fighting/n successRate=5 Place+1 Target+0 event
explosion/n successRate=3 Time-Within+0 Target+0 event
fight successRate=3 Attacker+2 event
fire/n successRate=3 Attacker+0 Place+1 Instrument+1 noEvent
attack/n successRate=4 Attacker+0 Place+2 Instrument+0 event
war/n successRate=4 Place+1 Instrument+0 event
fire/n successRate=3 Attacker+0 Place+2 Time-Within+3 Target+1 event
wound successRate=2 Victim+0 noEvent
assault/n successRate=3 Target+2 event
strike/n successRate=4 Target+4 event
suit/n successRate=2 Place+0 Defendant+1 noEvent
wound/n successRate=3 Agent+0 event
fire/n successRate=3 Attacker+0 Place+4 event
shooting/n successRate=3 Attacker+1 Place+2 event
war/n successRate=4 Place+1 Instrument+1 event
appeal/n successRate=2 Adjudicator+1 Defendant+3 event
trial/n successRate=4 Time-Within+2 Time-Starting+0 Defendant+0 noEvent
appeal/n successRate=2 Time-Within+4 Crime+3 event
meeting/n successRate=4 Time-Within+3 Entity+3 event
sentence/n successRate=3 Time-Within+2 Sentence+4 Defendant+4 event
sentence/n successRate=3 Time-Within+1 Sentence+0 Defendant+0 event
waste/n successRate=2 Attacker+0 Place+4 noEvent
appeal/n successRate=2 Time-Within+2 Defendant+2 event
launch successRate=2 Attacker+0 noEvent
appeal/n successRate=2 Adjudicator+0 event
appeal/n successRate=2 Place+2 Crime+2 Time-Starting+4 Adjudicator+3 event
conviction/n successRate=5 Time-Within+2 Place+0 Crime+3 Adjudicator+1 Defendant+1 event
sentence/n successRate=3 Time-Within+4 Crime+4 Sentence+0 Defendant+3 event
conviction/n successRate=5 Time-Within+2 Crime+4 event
sentence/n successRate=3 Time-Within+3 Crime+4 event
sentence/n successRate=3 Crime+4 Defendant+3 event
protest/n successRate=3 Crime+0 Target+2 Entity+3 event
charge successRate=3 Crime+4 Defendant+2 event
convict successRate=4 Crime+4 Defendant+2 event
charge/n successRate=2 Defendant+4 noEvent
appeal/n successRate=2 Crime+2 Adjudicator+3 event
appeal/n successRate=2 Person+0 Time-Before+3 event
sentence/n successRate=3 Time-Before+4 Defendant+3 event
call/n successRate=2 Time-Within+4 Place+1 Entity+3 noEvent
war/n successRate=4 Attacker+1 event
fighting/n successRate=5 Place+1 event
war/n successRate=4 Attacker+1 Time-Starting+0 event
war/n successRate=4 Place+1 Time-Starting+4 event
charge/n successRate=2 Place+1 Time-Within+1 Prosecutor+3 Defendant+1 noEvent
fight successRate=3 Attacker+0 Place+3 noEvent
trial/n successRate=4 Place+1 Time-Starting+2 Defendant+2 noEvent
trial/n successRate=4 Place+1 Defendant+2 noEvent
marriage/n successRate=4 Time-Within+0 event
sept./n successRate=5 Attacker+2 Place+1 Time-Within+0 event
divorce/n successRate=4 Person+0 event
wedding/n successRate=3 Time-Within+1 Place+1 Person+1 noEvent
wedding/n successRate=3 Time-Within+1 Place+4 event
divorce successRate=5 Time-Within+1 event
divorce successRate=5 Time-Within+1 event
donate successRate=2 Recipient+3 event
raid/n successRate=3 Attacker+4 Place+4 Instrument+4 event
raid successRate=3 Attacker+4 Place+4 Instrument+4 event
sentence/n successRate=3 Time-Within+0 Place+1 event
war/n successRate=4 Place+0 event
sentence/n successRate=3 Place+0 Adjudicator+4 Defendant+0 event
charge/n successRate=2 Time-Within+0 event
letter/n successRate=3 Time-Within+3 Entity+4 noEvent
detain successRate=2 Time-Within+3 event
letter/n successRate=3 Entity+1 noEvent
trial/n successRate=4 Time-Within+4 Crime+2 Defendant+0 event
violence/n successRate=2 Attacker+0 Time-Starting+2 noEvent
attack/n successRate=4 Attacker+1 Place+1 Time-Within+4 Target+4 event
bombings/n successRate=5 Attacker+4 Time-Within+4 event
explosion/n successRate=3 Time-Within+1 Place+4 event
fight successRate=3 Time-Within+3 event
step successRate=2 Time-Within+2 noEvent
fighting/n successRate=5 Time-Within+4 Place+4 event
explosion/n successRate=3 Target+1 event
bomb/n successRate=2 Place+2 Time-Within+2 Target+3 event
bombings/n successRate=5 Attacker+3 Target+0 event
violence/n successRate=2 Attacker+3 Time-Within+2 event
attack/n successRate=4 Place+2 Time-Within+1 Target+0 event
bombings/n successRate=5 Attacker+1 event
violence/n successRate=2 Place+0 event
fight successRate=3 Attacker+4 noEvent
violence/n successRate=2 Attacker+1 Time-Within+0 Place+1 event
attack/n successRate=4 Target+3 event
call/n successRate=2 Entity+0 noEvent
attack/n successRate=4 Attacker+0 Place+1 Time-Within+3 Target+0 event
attack/n successRate=4 Place+0 Time-Within+0 Target+2 event
strike successRate=3 Attacker+4 Instrument+1 Time-Starting+1 noEvent
assault/n successRate=3 Attacker+3 Time-Within+0 Instrument+3 noEvent
explosion/n successRate=3 Place+4 Target+1 event
explosion/n successRate=3 Place+4 event
blast/n successRate=5 Place+2 event
die successRate=4 Victim+1 Instrument+4 event
blast/n successRate=5 Time-Within+1 event
bomb/n successRate=2 Attacker+0 Place+1 event
explosion/n successRate=3 Instrument+2 event
injured successRate=5 Victim+2 event
explosion/n successRate=3 Time-Within+1 Target+1 Instrument+0 event
bomb/n successRate=2 Place+1 Target+4 event
injury/n successRate=4 Place+2 Time-Within+2 Instrument+0 event
bombings/n successRate=5 Attacker+1 Time-Within+4 Place+1 event
talk/n successRate=2 Time-Within+4 Place+1 Entity+1 event
attack/n successRate=4 Attacker+4 Time-Within+1 Place+0 Instrument+2 event
meeting/n successRate=4 Time-Within+3 Entity+2 event
fire/n successRate=3 Place+2 Target+4 event
fire/n successRate=3 Attacker+3 Time-Within+1 Place+3 Target+2 Instrument+2 event
fire/n successRate=3 Target+1 Instrument+0 event
injury/n successRate=4 Agent+0 event
injure successRate=5 Place+2 Time-Within+4 Victim+1 Instrument+4 event
gunfire/n successRate=3 Attacker+2 Place+3 event
shot/n successRate=3 Target+4 event
violence/n successRate=2 Attacker+0 Time-Within+1 event
withdrawal/n successRate=2 Origin+0 event
violence/n successRate=2 Attacker+1 Place+1 Time-Within+1 event
conflict/n successRate=3 Attacker+0 event
withdrawal/n successRate=2 Origin+2 event
violence/n successRate=2 Attacker+2 Target+1 event
warfare/n successRate=2 Attacker+0 Crime+2 Target+1 noEvent
charge/n successRate=2 Time-Within+2 Crime+3 Defendant+2 event
appeal/n successRate=2 Place+1 Adjudicator+3 noEvent
appeal/n successRate=2 Adjudicator+2 event
appeal/n successRate=2 Defendant+4 noEvent
trial/n successRate=4 Defendant+1 event
launch successRate=2 Target+2 Time-Starting+1 noEvent
launch successRate=2 Time-Within+3 Target+0 noEvent
travel successRate=4 Time-Within+0 Artifact+1 noEvent
cross successRate=3 Time-Within+0 Artifact+0 Destination+3 noEvent
charge/n successRate=2 Place+0 noEvent
cart successRate=5 Artifact+0 Vehicle+1 noEvent
cart successRate=5 Artifact+0 Vehicle+1 noEvent
charge/n successRate=2 Place+4 Defendant+1 noEvent
charge/n successRate=2 Defendant+4 noEvent
charge successRate=3 Prosecutor+1 event
conviction/n successRate=5 Defendant+0 event
charge/n successRate=2 Place+0 Defendant+1 noEvent
charge successRate=3 Defendant+0 noEvent
contribution/n successRate=2 Money+1 Recipient+3 event
elect successRate=5 Position+3 Entity+3 event
nomination/n successRate=5 Person+4 event
compensation/n successRate=3 Giver+0 Recipient+3 noEvent
lend successRate=2 Time-Within+2 Recipient+1 noEvent
relocate successRate=2 Artifact+0 Destination+0 noEvent
election/n successRate=3 Time-Within+2 Person+0 noEvent
kill successRate=4 Victim+1 Agent+1 noEvent
merge successRate=3 Org+4 event
kill successRate=4 Place+0 Victim+1 noEvent
merger/n successRate=3 Org+4 event
nomination/n successRate=5 Person+1 noEvent
quit successRate=2 Person+1 Entity+3 noEvent
rape successRate=5 Target+1 event
murder successRate=5 Time-Within+1 Victim+1 event
rape/n successRate=2 Attacker+3 Target+1 noEvent
call/n successRate=2 Place+1 Entity+0 noEvent
haul successRate=2 Artifact+3 Origin+4 Destination+1 noEvent
shoot successRate=3 Attacker+0 Place+0 Time-Within+2 Target+2 event
death/n successRate=3 Time-Within+1 Place+4 Victim+2 noEvent
warfare/n successRate=2 Attacker+4 Place+2 Target+1 noEvent
ambush/n successRate=5 Attacker+2 Place+2 Target+0 Instrument+1 event
launch successRate=2 Attacker+4 Place+0 event
fight/n successRate=3 Attacker+4 Place+2 event
assault successRate=5 Attacker+1 Place+3 Target+1 Time-Starting+1 event
assault successRate=5 Attacker+1 Place+3 Target+1 Time-Starting+1 event
charge/n successRate=2 Money+1 Defendant+1 event
fight successRate=3 Attacker+1 Place+1 noEvent
fight successRate=3 Attacker+1 Time-Within+0 noEvent
buyout/n successRate=5 Time-Within+1 Money+4 Beneficiary+2 Position+1 noEvent
hearing/n successRate=3 Time-Within+2 Crime+3 Prosecutor+2 Adjudicator+3 event
death/n successRate=3 Victim+1 noEvent
suicide/n successRate=3 Time-Within+3 Place+1 Victim+1 event
bomb successRate=3 Attacker+4 Time-Within+4 Place+1 event
jihad/n successRate=3 Attacker+4 Target+0 noEvent
wedding/n successRate=3 Person+1 noEvent
step successRate=2 Time-Within+0 Position+3 Person+4 event
step successRate=2 Time-Within+0 Crime+0 Position+1 Person+4 Entity+0 event
charge/n successRate=2 Crime+4 Sentence+1 Defendant+0 event
convict successRate=4 Crime+4 Position+0 Defendant+1 event
collapse successRate=3 Time-Within+2 noEvent
demonstration/n successRate=5 Place+0 Entity+0 event
fight/n successRate=3 Attacker+4 Time-Within+1 Instrument+0 noEvent
bomb/n successRate=2 Attacker+2 Time-Within+1 Place+1 Target+2 Instrument+1 noEvent
bomb/n successRate=2 Attacker+2 Time-Within+0 Target+0 Instrument+0 noEvent
bomb successRate=3 Attacker+2 Time-Within+0 Target+0 Instrument+0 noEvent
bomb successRate=3 Attacker+2 Time-Within+0 Target+0 Instrument+0 noEvent
correspondence/n successRate=4 Place+4 Time-Within+1 Entity+3 event
letter/n successRate=3 Time-Within+2 Instrument+1 Person+0 Entity+4 event
war/n successRate=4 Attacker+0 event
war/n successRate=4 Target+1 event
war/n successRate=4 Target+1 event
war/n successRate=4 Attacker+0 event
invasion/n successRate=4 Target+1 event
donate successRate=2 Giver+4 Recipient+1 event
donate successRate=2 Giver+4 Recipient+3 event
call/n successRate=2 Time-Within+2 Entity+4 noEvent
elect successRate=5 Entity+3 noEvent
die/n successRate=5 Time-Within+4 Victim+1 event
trial/n successRate=4 Money+0 Defendant+4 event
appoint successRate=3 Person+1 noEvent
pour successRate=5 Artifact+1 Agent+0 noEvent
pour successRate=5 Agent+4 noEvent
die successRate=4 Time-Within+4 Victim+1 event
litigation/n successRate=2 Person+4 Defendant+1 noEvent
payoff/n successRate=5 Money+3 noEvent
fire/n successRate=3 Attacker+3 Target+1 noEvent
die successRate=4 Agent+0 event
shot/n successRate=3 Target+1 noEvent
fire/n successRate=3 Attacker+3 Target+0 noEvent
charge successRate=3 Time-Within+2 noEvent
war/n successRate=4 Target+1 event
war/n successRate=4 Attacker+1 event
election/n successRate=3 Person+0 event
war/n successRate=4 Attacker+0 event
war/n successRate=4 Attacker+0 event
war/n successRate=4 Attacker+0 event
appeal/n successRate=2 Place+0 Adjudicator+4 noEvent
appeal/n successRate=2 Time-Within+2 Place+0 Adjudicator+3 Defendant+1 noEvent
strike/n successRate=4 Attacker+1 Time-Within+2 Place+2 noEvent
strike/n successRate=4 Attacker+1 Place+1 Time-Within+2 Target+1 Crime+0 noEvent
strike successRate=3 Attacker+1 Place+1 Time-Within+2 Target+1 Crime+0 noEvent
strike/n successRate=4 Attacker+1 Place+3 Time-Within+0 Target+1 Crime+0 noEvent
strike successRate=3 Attacker+1 Place+3 Time-Within+0 Target+1 Crime+0 noEvent
injury/n successRate=4 Time-Within+3 Place+4 Crime+1 Victim+4 Sentence+2 Agent+0 Person+0 event
violence/n successRate=2 Attacker+0 Place+2 Time-Before+0 event
wound/n successRate=3 Victim+4 noEvent
shot/n successRate=3 Place+0 Target+0 event
knife successRate=5 Attacker+1 Place+0 Time-Within+1 Target+0 noEvent
knife successRate=5 Attacker+1 Place+0 Time-Within+1 Target+0 noEvent
strike/n successRate=4 Attacker+2 Time-Within+1 Place+3 Target+1 event
strike/n successRate=4 Attacker+1 Place+1 Time-Within+1 Target+3 event
expel successRate=5 Artifact+4 noEvent
attack/n successRate=4 Attacker+4 Time-Within+2 Instrument+1 event
suit/n successRate=2 Adjudicator+2 noEvent
departure/n successRate=2 Place+1 noEvent
war/n successRate=4 Place+0 Target+0 noEvent
battle/n successRate=3 Place+0 Time-Within+0 Target+0 event
fight successRate=3 Place+0 noEvent
battle/n successRate=3 Attacker+1 noEvent
strike successRate=3 Attacker+1 Target+0 event
attack successRate=4 Attacker+1 Place+2 Time-Within+4 Target+1 event
letter/n successRate=3 Place+3 Time-Within+4 Entity+4 event
injury/n successRate=4 Agent+1 Person+2 event
bombardment/n successRate=5 Attacker+4 Time-Within+3 Place+4 Target+4 Instrument+4 Time-Before+2 event
explosion/n successRate=3 Time-Within+1 Place+1 Target+1 Instrument+1 noEvent
barrage/n successRate=5 Attacker+2 Place+2 Time-Within+3 Target+3 Instrument+4 event
fighting/n successRate=5 Attacker+1 Time-Within+0 Place+1 Target+2 Instrument+3 Time-Holds+2 event
war/n successRate=4 Attacker+1 Place+0 Target+0 Instrument+0 Time-Starting+1 noEvent
strike/n successRate=4 Attacker+1 Place+1 Time-Within+2 Target+2 Instrument+2 event
designate successRate=2 Instrument+0 Person+1 Entity+2 noEvent
hit successRate=2 Attacker+1 Place+1 Time-Within+2 Target+2 Instrument+2 event
hit successRate=2 Attacker+1 Place+1 Time-Within+3 Target+4 Instrument+2 event
strike/n successRate=4 Attacker+1 Place+1 Time-Within+3 Target+2 Instrument+2 event
strike/n successRate=4 Attacker+2 Place+1 Time-Within+3 Target+4 Instrument+2 event
strike successRate=3 Attacker+1 Place+3 Target+2 Instrument+2 Time-Starting+3 noEvent
fighting/n successRate=5 Attacker+1 noEvent
suit/n successRate=2 Place+1 Target+1 noEvent
battle/n successRate=3 Attacker+1 Place+2 Time-Within+2 Instrument+1 noEvent
strike/n successRate=4 Attacker+1 Place+1 Time-Within+2 Instrument+4 noEvent
bomb/n successRate=2 Attacker+4 Time-Within+0 Target+2 Instrument+1 event
launch successRate=2 Place+0 Time-Within+3 Target+3 noEvent
call/n successRate=2 Place+2 Time-After+1 Entity+3 event
capture/n successRate=3 Person+0 noEvent
capture/n successRate=3 Person+1 noEvent
capture/n successRate=3 Person+3 noEvent
call/n successRate=2 Entity+1 noEvent
charge/n successRate=2 Place+1 Time-Within+3 Crime+1 Prosecutor+2 Defendant+2 event
charge/n successRate=2 Place+0 Time-Within+3 Crime+1 Prosecutor+2 Defendant+2 event
terrorism/n successRate=3 Time-Within+0 event
bomb/n successRate=2 Attacker+2 Time-Within+0 Target+0 noEvent
death/n successRate=3 Victim+1 noEvent
bankruptcy/n successRate=5 Time-Within+0 Org+1 event
compensation/n successRate=3 Place+1 Time-Within+4 Money+0 Giver+1 Recipient+2 noEvent
bankruptcy/n successRate=5 Time-Within+1 Org+2 event
war/n successRate=4 Place+1 event
charge/n successRate=2 Place+0 Defendant+2 Time-Before+1 noEvent
death/n successRate=3 Place+4 event
letter/n successRate=3 Place+1 Entity+4 event
pay/n successRate=3 Giver+3 Recipient+0 noEvent
pay/n successRate=3 Giver+3 Recipient+0 noEvent
bankruptcy/n successRate=5 Org+0 noEvent
session/n successRate=2 Time-Within+1 Entity+3 noEvent
bankruptcy/n successRate=5 Org+0 event
chat successRate=5 Entity+3 noEvent
arrest/n successRate=5 Place+0 Person+1 event
death/n successRate=3 Place+0 Time-Within+0 Victim+0 Agent+0 noEvent
detain successRate=2 Time-Within+0 Agent+4 Person+4 noEvent
detain successRate=2 Time-Within+0 Agent+4 Person+4 noEvent
death/n successRate=3 Time-Within+0 Place+0 Agent+1 event
battle/n successRate=3 Attacker+1 Time-Within+0 Target+1 noEvent
violence/n successRate=2 Time-Within+0 Target+0 Instrument+3 noEvent
suit/n successRate=2 Adjudicator+0 Defendant+3 event
violence/n successRate=2 Attacker+3 Target+1 noEvent
suit/n successRate=2 Plaintiff+1 Person+0 Defendant+0 event
lawsuits/n successRate=5 Plaintiff+4 Instrument+1 Defendant+0 event
charge/n successRate=2 Position+0 Defendant+1 noEvent
letter/n successRate=3 Place+4 Time-Within+4 Entity+1 noEvent
letter/n successRate=3 Entity+2 noEvent
talk/n successRate=2 Time-Within+2 noEvent
arrive successRate=3 Time-Within+1 Artifact+2 Origin+4 Destination+1 event
land successRate=2 Destination+0 noEvent
hit successRate=2 Attacker+0 Time-Within+2 Place+0 Instrument+0 Time-Starting+1 noEvent
suit/n successRate=2 Plaintiff+1 noEvent
call/n successRate=2 Time-After+2 Time-Starting+0 Entity+3 noEvent
meet successRate=2 Place+1 Time-Starting+0 Entity+1 noEvent
reunion/n successRate=5 Time-Within+3 Entity+0 noEvent
escort successRate=5 Artifact+3 Origin+1 Destination+1 Vehicle+3 noEvent
escort successRate=5 Artifact+1 Destination+0 Vehicle+2 noEvent
escort successRate=5 Artifact+1 Destination+0 Vehicle+2 noEvent
battle/n successRate=3 Place+0 Target+0 event
blast/n successRate=5 Attacker+1 noEvent
merger/n successRate=3 Time-Within+1 Money+1 event
hearing/n successRate=3 Adjudicator+1 Person+4 Defendant+0 noEvent
converge successRate=5 Entity+4 noEvent
donate successRate=2 Giver+4 event
debut/n successRate=5 Place+1 Agent+1 noEvent
fighting/n successRate=5 Attacker+0 Place+0 event
firefight/n successRate=5 Attacker+1 Place+4 Time-Within+0 Target+1 event
ambush successRate=5 Target+4 Instrument+0 event
war/n successRate=4 Place+0 event
talk/n successRate=2 Time-Within+0 Place+0 Entity+1 noEvent
push/n successRate=3 Time-Within+1 Artifact+1 Agent+0 noEvent
war/n successRate=4 Time-Starting+1 event
insurrection/n successRate=5 Attacker+2 Time-Within+1 noEvent
removal/n successRate=2 Person+4 noEvent
talk/n successRate=2 Entity+4 event
kill successRate=4 Agent+1 Instrument+0 event
knife successRate=5 Attacker+1 Place+0 Target+2 noEvent
knife successRate=5 Attacker+1 Place+0 Target+2 noEvent
murder successRate=5 Victim+1 event
murder successRate=5 Victim+1 event
torture successRate=3 Target+1 Victim+1 event
torture successRate=3 Target+1 Victim+1 event
indictment/n successRate=5 Time-Within+4 Crime+1 Prosecutor+1 Defendant+0 event
smash successRate=5 Place+2 Time-Within+0 Target+0 Instrument+3 noEvent
smash successRate=5 Place+2 Time-Within+0 Target+0 Instrument+3 noEvent
attack/n successRate=4 Attacker+0 Place+0 event
arrest/n successRate=5 Time-Within+2 Crime+4 Person+1 event
attack/n successRate=4 Attacker+0 Time-Within+1 Target+3 event
death/n successRate=3 Place+2 Victim+1 noEvent
trial/n successRate=4 Place+0 Crime+0 Adjudicator+4 Defendant+3 Time-Holds+0 event
arrive successRate=3 Time-Within+0 Target+0 Artifact+4 Origin+1 noEvent
dead successRate=2 Time-Within+0 Victim+2 noEvent
launch successRate=2 Attacker+0 Target+4 noEvent
strike/n successRate=4 Time-Within+0 event
bomb/n successRate=2 Time-Within+1 Place+0 Target+0 Instrument+3 event
strike/n successRate=4 Time-Within+2 Place+1 Target+1 Instrument+1 event
strike/n successRate=4 Attacker+1 Target+2 event
injure successRate=5 Victim+2 event
call/n successRate=2 Entity+0 noEvent
terrorism/n successRate=3 Place+2 event
arrest/n successRate=5 Person+1 event
protest successRate=5 Time-Within+0 Entity+3 event
sentence/n successRate=3 Place+1 Time-Within+2 Crime+2 Sentence+1 Position+0 Adjudicator+0 Defendant+1 noEvent
sentence/n successRate=3 Place+2 Time-Within+3 Crime+4 Sentence+1 Position+1 Adjudicator+0 Defendant+2 noEvent
letter/n successRate=3 Place+2 Time-Within+3 Entity+4 noEvent
violence/n successRate=2 Attacker+1 Place+0 Time-Within+0 Target+0 Crime+0 Sentence+0 event
convict successRate=4 Place+0 Time-Within+0 Crime+2 Sentence+1 Position+0 Adjudicator+0 Person+1 Defendant+1 noEvent
stab successRate=2 Place+1 Time-Within+1 Crime+0 Victim+1 Sentence+0 noEvent
death/n successRate=3 Place+3 Victim+0 Agent+0 event
letter/n successRate=3 Time-Within+3 Place+2 Person+0 Entity+3 noEvent
sentence/n successRate=3 Time-Within+2 Place+1 Crime+3 Sentence+1 Position+0 Adjudicator+2 Defendant+1 noEvent
charge/n successRate=2 Crime+4 Defendant+2 event
hearing/n successRate=3 Time-Within+1 Place+1 Crime+0 Prosecutor+0 Time-Starting+1 Adjudicator+1 event
trial/n successRate=4 Time-Within+0 Prosecutor+0 Time-Starting+1 Defendant+2 event
craft/n successRate=2 Time-Within+0 Vehicle+1 Time-Before+1 noEvent
appeal/n successRate=2 Crime+1 Sentence+1 Adjudicator+1 Person+2 event
death/n successRate=3 Time-Within+1 Agent+0 noEvent
death/n successRate=3 Time-Within+0 Crime+3 noEvent
sentence successRate=4 Time-Within+0 Crime+2 Sentence+1 Adjudicator+1 Time-Holds+0 Defendant+1 event
hit successRate=2 Attacker+3 Place+1 Time-Within+0 noEvent
hit successRate=2 Attacker+3 Place+1 Time-Within+0 noEvent
strike successRate=3 Target+0 Time-Starting+0 noEvent
hit successRate=2 Time-Within+0 Target+3 noEvent
charge successRate=3 Time-Within+1 Place+0 Crime+4 Position+1 Defendant+1 event
indict successRate=5 Position+1 Person+2 Defendant+1 noEvent
indict successRate=5 Position+1 Person+2 Defendant+1 noEvent
trial/n successRate=4 Time-Within+2 Place+0 Position+0 Defendant+0 event
conflict/n successRate=3 Attacker+0 Time-Within+0 Place+0 Time-Starting+0 noEvent
attack/n successRate=4 Attacker+1 Time-Within+2 Place+1 Target+1 event
hit successRate=2 Attacker+0 Time-Within+3 Target+2 noEvent
hit successRate=2 Target+3 noEvent
hit successRate=2 Target+3 noEvent
marry successRate=5 Place+0 Person+0 noEvent
sentence successRate=4 Time-Within+0 Place+3 Defendant+3 event
sentence/n successRate=3 Place+1 Time-Within+1 Sentence+3 Adjudicator+2 Defendant+2 event
parachute successRate=3 Time-Within+1 Destination+1 event
arrive successRate=3 Artifact+1 Time-At-End+1 event
explosion/n successRate=3 Attacker+1 Time-Within+2 Place+1 Target+2 event
explosion/n successRate=3 Attacker+1 Place+1 Time-Within+1 Target+1 event
strike/n successRate=4 Attacker+2 Place+1 Time-Within+2 Target+2 Instrument+0 event
jihad/n successRate=3 Attacker+4 Place+1 Time-Within+2 Target+3 Instrument+0 Person+0 event
strike/n successRate=4 Attacker+1 Place+0 Time-Within+2 Target+2 Instrument+0 noEvent
hearing/n successRate=3 Time-Within+3 Prosecutor+3 Adjudicator+1 Time-Starting+1 Defendant+0 noEvent
strike successRate=3 Attacker+2 Place+1 Time-Within+1 Target+3 Instrument+0 Time-Starting+2 event
explosion/n successRate=3 Attacker+1 Place+1 Time-Within+1 Target+1 event
explosion/n successRate=3 Attacker+1 Time-Within+1 Target+2 event
slaughter/n successRate=2 Attacker+2 Time-Within+4 Place+4 Target+1 Time-Before+1 noEvent
blind successRate=5 Place+1 Time-Within+4 Victim+4 Agent+0 Time-Before+0 noEvent
rape/n successRate=2 Attacker+2 Place+1 Time-Within+4 Target+0 Time-Starting+4 Time-Before+1 event
torture/n successRate=3 Time-Within+3 Place+0 noEvent
torture successRate=3 Time-Within+3 Place+0 noEvent
torture successRate=3 Time-Within+3 Place+0 noEvent
blind successRate=5 Place+2 Time-Within+4 Victim+2 Agent+0 Time-Before+0 noEvent
conflict/n successRate=3 Attacker+0 Time-Within+0 Time-Starting+2 noEvent
war/n successRate=4 Time-Starting+2 event
fight successRate=3 Attacker+1 Time-Within+3 Time-Before+0 event
slaughter successRate=5 Place+1 Time-Within+1 Victim+4 Agent+1 Time-Before+0 noEvent
blind successRate=5 Place+0 Time-Within+4 Victim+1 noEvent
suicide/n successRate=3 Victim+0 event
bombings/n successRate=5 Attacker+0 event
disband successRate=5 Org+2 Person+1 event
call/n successRate=2 Place+1 Entity+2 noEvent
death/n successRate=3 Time-Within+0 Victim+3 event
assassination/n successRate=5 Victim+3 Agent+1 event
violence/n successRate=2 Attacker+1 Target+4 noEvent
sink successRate=2 Attacker+1 Place+0 Target+1 noEvent
suit/n successRate=2 Defendant+3 noEvent
head successRate=2 Artifact+2 Position+1 noEvent
quit successRate=2 Position+0 Person+1 Entity+1 event
charge/n successRate=2 Defendant+3 noEvent
suit/n successRate=2 Person+1 noEvent
sink successRate=2 Time-Within+0 noEvent
call/n successRate=2 Time-After+0 Entity+1 noEvent
sink successRate=2 Target+3 noEvent
pound successRate=5 Target+0 noEvent
violence/n successRate=2 Attacker+2 Target+2 noEvent
removal/n successRate=2 Place+0 Time-Within+1 Person+1 Entity+3 event
forum/n successRate=3 Time-Within+0 Entity+2 noEvent
transfer/n successRate=5 Time-Within+1 Recipient+2 noEvent
launch successRate=2 Place+1 Target+2 noEvent
launch successRate=2 Attacker+3 Place+0 Target+1 noEvent
letter/n successRate=3 Time-Within+2 Place+3 Entity+4 noEvent
war/n successRate=4 Attacker+0 event
hearing/n successRate=3 Place+0 Crime+0 Prosecutor+1 Adjudicator+1 Time-Starting+4 Defendant+0 event
trial/n successRate=4 Time-Within+0 Place+0 Prosecutor+0 Defendant+0 event
lawsuits/n successRate=5 Defendant+0 event
loan/n successRate=5 Recipient+4 event
election/n successRate=3 Place+0 Time-Within+4 Person+3 event
warfare/n successRate=2 Attacker+2 Place+3 event
war/n successRate=4 Attacker+1 event
fire/n successRate=3 Target+2 event
wound/n successRate=3 Victim+2 noEvent
dead successRate=2 Victim+0 event
bomb/n successRate=2 Place+1 Instrument+0 event
bomb/n successRate=2 Instrument+0 noEvent
conflict/n successRate=3 Time-Within+1 event
fire/n successRate=3 Place+0 Target+2 event
violence/n successRate=2 Attacker+1 noEvent
shot/n successRate=3 Attacker+1 Target+4 event
wound successRate=2 Victim+3 event
evacuate successRate=4 Time-Within+3 Artifact+3 noEvent
flee successRate=4 Time-Within+0 Artifact+1 noEvent
bomb successRate=3 Place+1 Target+2 event
explosion/n successRate=3 Instrument+0 event
bomb/n successRate=2 Target+2 Instrument+0 event
bomb successRate=3 Time-Within+0 event
bomb successRate=3 Time-Within+2 Place+1 event
war/n successRate=4 Time-Starting+0 noEvent
reunion/n successRate=5 Place+2 Entity+2 noEvent
attack/n successRate=4 Time-Within+1 Place+2 Target+1 event
attack/n successRate=4 Attacker+3 Place+0 Target+0 event
attack/n successRate=4 Attacker+0 Place+2 Time-Within+3 event
fire/n successRate=3 Target+0 event
injured successRate=5 Place+0 Victim+4 event
fighting/n successRate=5 Time-Within+1 Target+2 event
cross successRate=3 Time-Within+2 Artifact+2 Destination+3 noEvent
fight successRate=3 Attacker+3 Place+2 Time-Within+0 event
retire successRate=3 Person+4 Entity+2 event
advance/n successRate=2 Time-Within+0 noEvent
haul successRate=2 Origin+1 Vehicle+3 noEvent
retire successRate=3 Position+4 Person+3 Entity+2 event
attack/n successRate=4 Target+2 noEvent
fight/n successRate=3 Attacker+0 event
wound/n successRate=3 Agent+0 event
knife successRate=5 Attacker+2 noEvent
knife successRate=5 Attacker+2 noEvent
wound/n successRate=3 Victim+2 event
knife successRate=5 Target+0 noEvent
knife successRate=5 Target+0 noEvent
stab successRate=2 Victim+1 Instrument+3 event
injury/n successRate=4 Victim+1 event
wound/n successRate=3 Agent+0 event
knife successRate=5 Attacker+0 Instrument+3 noEvent
knife successRate=5 Attacker+0 Instrument+3 noEvent
wound/n successRate=3 Victim+0 Instrument+1 event
injury/n successRate=4 Victim+4 event
fighting/n successRate=5 Target+4 noEvent
assault/n successRate=3 Attacker+0 event
assault successRate=5 Attacker+0 Place+2 Target+4 event
push/n successRate=3 Artifact+4 noEvent
strike/n successRate=4 Attacker+1 Place+2 Target+2 event
strike/n successRate=4 Attacker+0 Target+0 event
bomb/n successRate=2 Attacker+0 Place+2 Instrument+2 event
battle/n successRate=3 Place+1 event
strike/n successRate=4 Attacker+0 Instrument+0 event
pound successRate=5 Attacker+4 Place+1 Time-Within+1 event
bomb successRate=3 Attacker+1 Place+2 Time-Within+1 event
bomb successRate=3 Instrument+0 noEvent
bomb successRate=3 Instrument+0 noEvent
kill successRate=4 Victim+3 event
bomb/n successRate=2 Attacker+1 Place+4 Time-Within+2 event
fire/n successRate=3 Attacker+2 Target+1 event
fire/n successRate=3 Attacker+1 Target+0 event
warfare/n successRate=2 Attacker+2 Place+4 event
install successRate=2 Entity+3 noEvent
execution/n successRate=3 Place+2 Agent+3 noEvent
battle/n successRate=3 Attacker+2 Place+2 event
dead successRate=2 Victim+3 noEvent
shoot successRate=3 Attacker+3 event
shoot successRate=3 Place+0 event
bomb/n successRate=2 Attacker+3 noEvent
fire/n successRate=3 Target+0 event
hearing/n successRate=3 Place+1 Adjudicator+1 noEvent
charge/n successRate=2 Time-Within+3 Place+1 Defendant+0 noEvent
ambush successRate=5 Attacker+3 event
ambush successRate=5 Attacker+3 event
letter/n successRate=3 Time-Within+3 Entity+4 noEvent
war/n successRate=4 Attacker+0 Time-Within+1 event
war successRate=3 Attacker+0 Time-Within+1 event
war successRate=3 Attacker+0 Time-Within+1 event
letter/n successRate=3 Place+3 event
attack/n successRate=4 Target+3 event
warfare/n successRate=2 Attacker+4 Place+4 Target+0 event
letter/n successRate=3 Entity+4 noEvent
letter/n successRate=3 Time-Within+4 Entity+4 noEvent
fire/n successRate=3 Target+2 event
letter/n successRate=3 Place+2 Entity+4 event
death/n successRate=3 Victim+2 event
war/n successRate=4 Attacker+1 event
targeted successRate=4 Attacker+3 Time-Within+1 Target+0 noEvent
fire/n successRate=3 Attacker+3 Place+2 event
die successRate=4 Victim+2 event
fire/n successRate=3 Place+1 event
fire/n successRate=3 Attacker+1 Place+2 Target+0 event
war/n successRate=4 Target+1 event
head successRate=2 Place+0 Artifact+2 event
letter/n successRate=3 Place+4 Entity+4 event
letter/n successRate=3 Place+1 Instrument+2 Entity+4 event
letter/n successRate=3 Entity+4 event
war/n successRate=4 Attacker+0 event
letter/n successRate=3 Entity+4 event
letter/n successRate=3 Time-Within+4 Entity+4 event
letter/n successRate=3 Entity+4 event
letter/n successRate=3 Entity+4 event
election/n successRate=3 Place+1 noEvent
injure successRate=5 Victim+0 Agent+1 noEvent
injure successRate=5 Victim+0 Agent+1 noEvent
injured successRate=5 Victim+0 Agent+1 noEvent
firefight/n successRate=5 Place+4 Target+3 event
wound/n successRate=3 Victim+0 Instrument+0 event
ambush/n successRate=5 Attacker+0 Time-Within+2 Place+3 Target+1 event
injury/n successRate=4 Victim+4 Agent+1 Instrument+3 event
visit/n successRate=2 Agent+3 noEvent
letter/n successRate=3 Place+0 Entity+4 event
detain successRate=2 Place+4 noEvent
detain successRate=2 Place+4 noEvent
detain successRate=2 Place+1 noEvent
detain successRate=2 Place+1 noEvent
war/n successRate=4 Attacker+4 event
call/n successRate=2 Entity+3 event
sentence/n successRate=3 Place+0 Time-Within+4 Crime+4 Sentence+3 Defendant+3 event
conflict/n successRate=3 Attacker+4 Time-Within+1 noEvent
suicide/n successRate=3 Place+3 Victim+1 noEvent
bomb/n successRate=2 Instrument+3 noEvent
bomb successRate=3 Instrument+3 noEvent
bomb successRate=3 Instrument+3 noEvent
wound/n successRate=3 Victim+1 Agent+0 noEvent
travel successRate=4 Agent+1 event
death/n successRate=3 Victim+1 event
withdrawal/n successRate=2 Artifact+4 Origin+2 noEvent
election/n successRate=3 Place+1 Person+2 event
swallow successRate=5 Time-Within+3 Place+2 Buyer+1 noEvent
election/n successRate=3 Person+4 event
waste/n successRate=2 Attacker+1 noEvent
designate successRate=2 Place+0 Entity+4 noEvent
step successRate=2 Place+1 noEvent
appeal/n successRate=2 Time-Within+3 noEvent
talk/n successRate=2 Place+0 Entity+1 event
meeting/n successRate=4 Time-Within+3 Place+2 Entity+4 event
session/n successRate=2 Time-Within+2 Place+4 Entity+2 event
attack/n successRate=4 Attacker+2 Place+4 Target+1 event
election/n successRate=3 Person+0 event
payroll/n successRate=5 Giver+1 noEvent
boom successRate=3 Attacker+2 noEvent
purchase successRate=5 Buyer+0 event
pay/n successRate=3 Giver+2 noEvent
charge/n successRate=2 Defendant+0 noEvent
charge/n successRate=2 Person+0 Defendant+0 noEvent
charge/n successRate=2 Prosecutor+1 Defendant+3 noEvent
wipe successRate=2 Place+2 event
charge/n successRate=2 Defendant+2 noEvent
step successRate=2 Person+4 noEvent
death/n successRate=3 Victim+1 Agent+1 noEvent
convict successRate=4 Defendant+2 noEvent
trial/n successRate=4 Prosecutor+0 event
divorce/n successRate=4 Person+4 event
death/n successRate=3 Victim+1 Agent+1 noEvent
convict successRate=4 Defendant+2 noEvent
trial/n successRate=4 Prosecutor+0 event
trial/n successRate=4 Defendant+1 event
kill successRate=4 Agent+2 noEvent
kill successRate=4 Agent+0 noEvent
dead successRate=2 Victim+2 event
trial/n successRate=4 Time-Starting+0 noEvent
death/n successRate=3 Victim+1 Agent+1 noEvent
convict successRate=4 Defendant+2 event
trial/n successRate=4 Prosecutor+0 event
sentence successRate=4 Time-Within+0 Adjudicator+3 Defendant+1 event
death/n successRate=3 Agent+0 noEvent
pour successRate=5 Destination+2 noEvent
talk/n successRate=2 Entity+1 noEvent
passing/n successRate=5 Victim+4 event
war/n successRate=4 Place+0 event
death/n successRate=3 Victim+1 noEvent
trial/n successRate=4 Defendant+1 event
marry successRate=5 Place+1 event
election/n successRate=3 Place+0 Time-Within+2 event
election/n successRate=3 Place+0 Time-Within+2 Position+1 noEvent
trial/n successRate=4 Defendant+3 noEvent
kill successRate=4 Victim+0 event
marry successRate=5 Person+1 Time-Holds+0 event
meet successRate=2 Place+4 noEvent
injury/n successRate=4 Agent+1 event
hearing/n successRate=3 Adjudicator+0 noEvent
bomb/n successRate=2 Attacker+1 Place+0 noEvent
elect successRate=5 Person+0 Entity+0 event
quit successRate=2 Person+4 event
talk/n successRate=2 Time-Within+1 noEvent
meeting/n successRate=4 Place+4 event
head successRate=2 Artifact+0 Origin+3 Destination+1 event
talk/n successRate=2 Time-Within+1 Entity+0 noEvent
hit successRate=2 Time-Within+2 Target+2 noEvent
talk/n successRate=2 Time-Within+3 noEvent
injury/n successRate=4 Place+1 Time-Within+0 Victim+1 noEvent
attack/n successRate=4 Attacker+4 Target+3 noEvent
reunion/n successRate=5 Entity+3 noEvent
call/n successRate=2 Entity+4 noEvent
assault successRate=5 Attacker+1 Target+4 noEvent
assault successRate=5 Attacker+1 Target+4 noEvent
talk/n successRate=2 Time-Within+0 Entity+4 noEvent
strike/n successRate=4 Target+1 noEvent
injure successRate=5 Victim+3 event
injure successRate=5 Victim+3 event
injury/n successRate=4 Time-Within+2 Person+2 event
attack/n successRate=4 Attacker+4 Target+1 event
die successRate=4 Victim+3 noEvent
owe successRate=2 Money+0 Giver+4 noEvent
push/n successRate=3 Artifact+2 noEvent
strike/n successRate=4 Attacker+1 Place+2 noEvent
strike successRate=3 Attacker+1 Place+2 noEvent
strike successRate=3 Attacker+1 Place+2 noEvent
purchase successRate=5 Buyer+1 noEvent
buys successRate=5 Target+0 noEvent
dead successRate=2 Place+1 noEvent
war/n successRate=4 Attacker+1 noEvent
buyout/n successRate=5 Artifact+1 Buyer+3 noEvent
merger/n successRate=3 Org+1 event
letter/n successRate=3 Entity+2 noEvent
compensation/n successRate=3 Giver+0 noEvent
lawsuit/n successRate=5 Plaintiff+1 Place+1 event
raid/n successRate=3 Attacker+1 Target+0 noEvent
acquisition/n successRate=5 Buyer+1 event
acquire successRate=3 Buyer+3 event
birth/n successRate=4 Person+2 event
birth/n successRate=4 Place+2 Person+2 event
birth/n successRate=4 Place+4 Person+3 event
charge/n successRate=2 Place+3 Defendant+3 event
hit successRate=2 Attacker+0 Target+1 event
assault/n successRate=3 Time-Within+1 noEvent
strike successRate=3 Target+1 Instrument+1 event
injury/n successRate=4 Place+1 Victim+0 event
assault/n successRate=3 Attacker+1 event
assault successRate=5 Attacker+3 Target+4 event
assault successRate=5 Attacker+3 Target+4 event
bankruptcy/n successRate=5 Time-Within+4 Org+1 event
bankruptcy/n successRate=5 Org+0 event
transaction/n successRate=5 Place+0 Buyer+0 noEvent
transfer/n successRate=5 Recipient+2 noEvent
bankruptcy/n successRate=5 Org+1 event
transfer/n successRate=5 Recipient+3 noEvent
transfer/n successRate=5 Giver+0 Recipient+1 noEvent
transfer/n successRate=5 Giver+1 Recipient+0 noEvent
bankruptcy/n successRate=5 Org+1 event
bankruptcy/n successRate=5 Org+1 event
bankruptcy/n successRate=5 Org+1 event
bankruptcy/n successRate=5 Org+1 event
bankruptcy/n successRate=5 Org+0 event
sentence/n successRate=3 Defendant+4 event
sentence/n successRate=3 Defendant+4 event
sentence/n successRate=3 Defendant+4 event
resign successRate=4 Place+1 Person+0 event
seize successRate=2 Place+1 Buyer+3 Seller+2 noEvent
loan/n successRate=5 Giver+2 noEvent
call/n successRate=2 Place+1 Time-After+2 Entity+1 noEvent
election/n successRate=3 Place+2 Person+0 event
election/n successRate=3 Place+0 noEvent
election/n successRate=3 Person+0 event
dead successRate=2 Victim+1 noEvent
blast/n successRate=5 Attacker+0 Time-Within+0 Place+4 noEvent
war/n successRate=4 Attacker+0 Target+0 event
war/n successRate=4 Attacker+0 event
violence/n successRate=2 Attacker+0 event
charge/n successRate=2 Defendant+0 noEvent
hit successRate=2 Place+1 Time-Within+2 Target+2 noEvent
hit successRate=2 Time-Within+1 Place+2 Target+0 noEvent
hit successRate=2 Time-Within+1 Place+2 Target+0 noEvent
head successRate=2 Artifact+2 Destination+4 noEvent
charge/n successRate=2 Place+1 noEvent
election/n successRate=3 Place+0 event
election/n successRate=3 Place+1 Person+0 event
election/n successRate=3 Place+0 Person+1 event
election/n successRate=3 Entity+0 event
elect successRate=5 Entity+4 event
election/n successRate=3 Place+1 Entity+0 event
election/n successRate=3 Person+0 event
bleed successRate=5 Target+1 noEvent
election/n successRate=3 Time-Within+0 event
election/n successRate=3 Place+0 Person+2 event
election/n successRate=3 Person+0 event
charge/n successRate=2 Prosecutor+0 Defendant+1 noEvent
loan/n successRate=5 Recipient+3 event
charge/n successRate=2 Time-Within+0 noEvent
launch successRate=2 Attacker+2 Time-Within+0 event
fight successRate=3 Attacker+2 Time-Within+3 event
war/n successRate=4 Attacker+0 Time-Within+2 event
war/n successRate=4 Attacker+0 event
parachute successRate=3 Artifact+1 Vehicle+1 noEvent
parachute successRate=3 Artifact+1 Vehicle+1 noEvent
bomb/n successRate=2 Attacker+0 noEvent
bomb/n successRate=2 Time-Within+4 noEvent
genocide/n successRate=3 Attacker+1 noEvent
charge/n successRate=2 Time-Within+2 Defendant+0 noEvent
death/n successRate=3 Victim+2 event
kill successRate=4 Victim+1 event
sentence/n successRate=3 Place+2 Defendant+2 event
meet successRate=2 Entity+3 event
contribution/n successRate=2 Time-Within+2 Recipient+2 noEvent
contribution/n successRate=2 Giver+0 Recipient+4 noEvent
launch successRate=2 Time-Within+4 noEvent
letter/n successRate=3 Entity+2 event
letter/n successRate=3 Entity+4 event
fight successRate=3 Attacker+1 Place+2 event
protest/n successRate=3 Time-Within+3 Entity+2 noEvent
quit successRate=2 Time-Within+2 Position+4 Person+1 Entity+2 event
