attack successRate=4 Attacker+1 Place+1 Target+0 event
strike/n successRate=4 Attacker+1 Place+2 Target+3 event
strike/n successRate=4 Attacker+1 event
battle/n successRate=4 Place+3 Instrument+1 event
strike/n successRate=4 Attacker+1 Target+0 event
bomb successRate=3 Attacker+1 Place+2 Time-Within+2 event
casualty/n successRate=2 Victim+4 Agent+4 Instrument+4 noEvent
battle/n successRate=4 Place+2 Time-Within+1 Target+1 event
retreat/n successRate=2 Vehicle+4 noEvent
bomb successRate=3 Attacker+0 Target+1 noEvent
bomb successRate=3 Attacker+0 Target+1 noEvent
kill successRate=4 Victim+2 event
fire/n successRate=3 Attacker+2 event
casualty/n successRate=2 Time-Within+2 Victim+4 Agent+3 event
disband successRate=5 Org+1 event
purchase/n successRate=2 Artifact+1 noEvent
merger/n successRate=5 Org+0 event
convention/n successRate=2 Entity+1 noEvent
hit successRate=2 Target+1 noEvent
suit/n successRate=3 Plaintiff+1 Time-Within+0 noEvent
combat/n successRate=3 Target+1 event
deploy successRate=2 Target+4 Agent+0 Destination+2 noEvent
deploy successRate=2 Target+4 Agent+0 Destination+2 noEvent
hit successRate=2 Attacker+2 noEvent
hit successRate=2 Attacker+0 noEvent
hit successRate=2 Attacker+0 noEvent
marry successRate=5 Person+3 noEvent
step successRate=3 Place+2 Time-Within+4 Person+4 Entity+1 event
appointment/n successRate=2 Time-Within+1 Time-Before+4 Entity+4 noEvent
election/n successRate=3 Time-Within+3 Person+0 event
murder/n successRate=2 Place+3 event
terrorism/n successRate=2 Place+0 event
meeting/n successRate=4 Entity+1 event
protest successRate=3 Time-Within+1 Entity+3 event
rally/n successRate=5 Time-Within+3 noEvent
step successRate=3 Place+0 Position+3 Person+2 Entity+3 event
step successRate=3 Time-Within+0 Entity+0 event
sue successRate=4 Time-Within+0 Defendant+1 event
letter/n successRate=2 Time-Within+1 Entity+2 noEvent
war/n successRate=4 Attacker+0 event
letter/n successRate=2 Place+1 event
attack/n successRate=4 Attacker+0 event
letter/n successRate=2 Entity+2 noEvent
letter/n successRate=2 Time-Within+3 Entity+2 noEvent
fire/n successRate=3 Attacker+1 Target+3 event
letter/n successRate=2 Place+0 Time-Within+0 Entity+2 event
protest/n successRate=3 Target+0 event
war/n successRate=4 Target+0 event
war/n successRate=4 Attacker+0 event
war/n successRate=4 Attacker+1 event
rally/n successRate=5 Time-Within+4 Place+3 Entity+2 event
rally/n successRate=5 Time-Within+4 Place+1 event
war/n successRate=4 Attacker+1 noEvent
bombings/n successRate=5 Attacker+0 event
talk/n successRate=3 Place+2 Entity+4 noEvent
birth/n successRate=5 Time-Within+4 noEvent
call/n successRate=2 Entity+2 noEvent
war/n successRate=4 Target+0 event
strike/n successRate=4 Instrument+3 event
combat/n successRate=3 Time-Within+2 event
strike/n successRate=4 Attacker+0 Time-Within+4 Place+2 Instrument+3 event
injure successRate=4 Victim+1 event
terrorism/n successRate=2 Place+2 Target+3 event
battle/n successRate=4 Attacker+2 Instrument+3 event
retired successRate=2 Person+3 Entity+1 noEvent
death/n successRate=3 Agent+2 noEvent
bomb successRate=3 Attacker+1 Place+4 event
fire/n successRate=3 Target+2 noEvent
kill successRate=4 Victim+3 event
shot/n successRate=2 Place+1 Target+3 Instrument+1 event
shot/n successRate=2 Target+1 event
shooting/n successRate=2 Attacker+4 noEvent
hit successRate=2 Attacker+4 Place+0 event
gunfire/n successRate=3 Attacker+3 Time-Within+0 noEvent
kill successRate=4 Place+1 Time-Within+4 Agent+1 event
conflict/n successRate=2 Place+4 noEvent
shot/n successRate=2 Attacker+1 Time-Within+2 Place+1 Person+0 event
death/n successRate=3 Victim+3 event
conflict/n successRate=2 Attacker+0 noEvent
fire/n successRate=3 Attacker+3 Target+1 event
sentence successRate=4 Place+3 Defendant+2 event
war/n successRate=4 Attacker+2 Time-Within+0 Place+0 Time-Starting+2 event
arrival/n successRate=5 Artifact+2 Agent+0 noEvent
arrival/n successRate=5 Artifact+1 noEvent
confront successRate=2 Attacker+1 Time-Within+2 Place+4 noEvent
war/n successRate=4 Attacker+1 event
war/n successRate=4 Place+1 event
war/n successRate=4 Attacker+4 Target+1 event
attack/n successRate=4 Attacker+0 Place+3 event
war/n successRate=4 Place+0 event
transport successRate=2 Time-Within+4 Origin+3 Destination+1 event
war/n successRate=4 Attacker+0 event
meeting/n successRate=4 Entity+4 event
contribution/n successRate=2 Giver+4 Recipient+1 noEvent
meeting/n successRate=4 Entity+2 event
meeting/n successRate=4 Time-Within+1 event
travel/n successRate=3 Artifact+2 noEvent
war/n successRate=4 Place+2 Time-Within+0 Target+0 event
killing/n successRate=5 Time-Within+1 Place+0 event
rape successRate=5 Time-Within+3 event
torture successRate=2 Time-Within+4 Place+0 event
torture successRate=2 Time-Within+4 Place+0 event
massacre/n successRate=5 Place+0 noEvent
slaughter successRate=5 Time-Within+0 Place+1 Victim+4 Agent+0 Time-Before+1 noEvent
smack successRate=5 Attacker+0 Time-Within+2 noEvent
smack successRate=5 Attacker+0 Time-Within+2 noEvent
talk/n successRate=3 Time-Within+1 noEvent
hit successRate=2 Time-Within+2 Target+2 noEvent
resign successRate=4 Place+1 Person+1 event
seize successRate=2 Place+1 Buyer+1 Seller+1 noEvent
loan/n successRate=5 Place+4 Giver+4 noEvent
call/n successRate=2 Place+1 Entity+2 noEvent
shed successRate=2 Time-Ending+1 Seller+1 noEvent
shed successRate=2 Time-Ending+1 Seller+1 noEvent
shed successRate=2 Time-Ending+1 Seller+1 noEvent
shed successRate=2 Time-Ending+1 Seller+1 noEvent
waste/n successRate=2 Attacker+2 noEvent
step successRate=3 Place+3 noEvent
assassination/n successRate=5 Place+2 Time-Within+2 Victim+4 Agent+1 Position+2 event
appeal/n successRate=3 Time-Within+2 Adjudicator+0 noEvent
talk/n successRate=3 Place+0 Entity+3 event
meeting/n successRate=4 Time-Within+1 Place+2 Entity+4 event
acquire successRate=4 Time-Within+1 Place+2 Buyer+1 noEvent
war/n successRate=4 Attacker+1 Place+0 event
terrorism/n successRate=2 Attacker+2 Place+0 Target+1 event
terrorism/n successRate=2 Attacker+3 event
talk/n successRate=3 Entity+4 event
lawsuit/n successRate=5 Time-Within+1 Place+4 Money+1 Adjudicator+0 Person+1 Defendant+2 event
strike/n successRate=4 Target+1 event
suit/n successRate=3 Plaintiff+1 event
sentence/n successRate=4 Time-Within+1 Sentence+0 Defendant+1 event
divorce/n successRate=5 Person+0 event
correspondence/n successRate=5 Entity+3 event
divorce/n successRate=5 Time-Within+3 Person+4 event
push/n successRate=4 Artifact+2 noEvent
strike/n successRate=4 Attacker+2 Place+3 noEvent
strike successRate=3 Attacker+2 Place+3 noEvent
strike successRate=3 Attacker+2 Place+3 noEvent
fire successRate=3 Attacker+0 Time-Within+0 Target+0 event
deport successRate=5 Artifact+2 Destination+3 Time-Holds+2 noEvent
bust/n successRate=5 Place+4 Time-Ending+0 noEvent
conviction/n successRate=3 Defendant+0 event
sentence/n successRate=4 Adjudicator+1 Defendant+0 event
attack/n successRate=4 Attacker+1 Place+0 Time-Within+1 Target+0 noEvent
tragedy/n successRate=2 Attacker+4 Target+0 noEvent
appeal/n successRate=3 Time-Within+0 Adjudicator+4 noEvent
pardon successRate=5 Time-Within+0 event
pardon successRate=5 Time-Within+0 event
arrival/n successRate=5 Artifact+4 event
raid/n successRate=3 Attacker+4 Place+1 Target+2 event
ambush successRate=5 Attacker+1 Time-Within+3 Place+2 Target+4 event
battle/n successRate=4 Attacker+1 event
injury/n successRate=4 Victim+4 event
fight successRate=3 Attacker+4 event
death/n successRate=3 Victim+1 event
wartime/n successRate=5 Place+1 noEvent
birth/n successRate=5 Person+1 event
war/n successRate=4 Attacker+2 noEvent
call/n successRate=2 Entity+1 noEvent
meet successRate=3 Place+1 Entity+2 noEvent
war/n successRate=4 Place+1 event
step successRate=3 Person+4 noEvent
strike/n successRate=4 Attacker+2 Place+0 Target+1 event
meet successRate=3 Place+1 Entity+2 noEvent
fighting/n successRate=4 Attacker+0 event
casualty/n successRate=2 Victim+3 Agent+0 noEvent
combat/n successRate=3 Attacker+2 Place+1 event
bankruptcy/n successRate=4 Org+1 event
indict successRate=5 Crime+4 Defendant+4 event
chop successRate=5 Attacker+2 noEvent
chop successRate=5 Attacker+2 noEvent
chop successRate=5 Attacker+0 Place+1 Target+1 noEvent
chop successRate=5 Attacker+0 Place+1 Target+1 noEvent
war/n successRate=4 Attacker+0 Time-Within+1 Instrument+0 noEvent
talk/n successRate=3 Time-Within+3 Entity+4 event
meeting/n successRate=4 Place+3 Entity+3 event
war/n successRate=4 Attacker+1 noEvent
war/n successRate=4 Place+0 event
war/n successRate=4 Attacker+3 noEvent
war/n successRate=4 Attacker+0 event
meeting/n successRate=4 Time-Within+3 Place+4 Time-Before+4 Entity+1 noEvent
talk/n successRate=3 Time-Within+1 Entity+2 event
war/n successRate=4 Attacker+1 noEvent
storm successRate=5 Target+4 noEvent
battle/n successRate=4 Attacker+4 noEvent
fire successRate=3 Place+4 Target+1 event
fire successRate=3 Attacker+3 Place+1 event
drive successRate=2 Agent+1 Destination+4 event
combat/n successRate=3 Place+2 event
meet successRate=3 Time-Within+3 Entity+1 noEvent
dead successRate=3 Victim+4 event
meet successRate=3 Place+3 noEvent
injury/n successRate=4 Time-Within+1 Agent+1 event
postwar successRate=5 Attacker+0 Place+3 Time-Within+0 event
donate successRate=2 Giver+4 event
raid/n successRate=3 Attacker+4 Place+4 Instrument+3 event
fire successRate=3 Place+4 Instrument+3 event
bomb successRate=3 Attacker+1 Time-Within+4 Place+0 Target+4 event
death/n successRate=3 Victim+3 Agent+3 noEvent
convict successRate=4 Defendant+3 noEvent
trial/n successRate=4 Place+0 event
trial/n successRate=4 Time-Within+4 Place+3 Defendant+0 event
murder/n successRate=2 Agent+1 noEvent
trial/n successRate=4 Adjudicator+0 event
fight successRate=3 Attacker+0 noEvent
battle/n successRate=4 Attacker+2 noEvent
terrorism/n successRate=2 Attacker+1 Time-Within+0 noEvent
strike successRate=3 Attacker+4 Place+1 Target+2 event
confront successRate=2 Attacker+4 noEvent
attack successRate=4 Attacker+4 Time-Within+4 event
sail successRate=4 Artifact+1 Destination+1 Vehicle+3 noEvent
hit successRate=2 Attacker+1 Time-Within+3 Target+0 event
launch/n successRate=2 Time-Within+2 Artifact+1 Money+1 Origin+0 Destination+1 noEvent
smuggle successRate=5 Time-Within+2 Instrument+0 Destination+4 event
attack/n successRate=4 Place+0 Time-Within+3 event
fire/n successRate=3 Place+0 Time-Within+1 Target+2 noEvent
drive successRate=2 Time-Within+2 Origin+1 Destination+2 noEvent
death/n successRate=3 Time-Within+4 Victim+1 Agent+2 event
divorce/n successRate=5 Person+2 event
divorce/n successRate=5 Place+1 Time-Within+0 Person+3 event
divorce/n successRate=5 Time-Within+1 event
divorce/n successRate=5 Time-Within+3 Person+1 event
divorce/n successRate=5 Person+3 event
divorce/n successRate=5 Person+0 event
marry successRate=5 Person+1 Time-Holds+2 event
war/n successRate=4 Attacker+1 Time-Within+2 event
protest successRate=3 Time-Within+4 Place+1 event
war/n successRate=4 Attacker+0 event
rally/n successRate=5 Entity+0 noEvent
war/n successRate=4 Place+0 noEvent
protest/n successRate=3 Time-Within+3 Target+2 event
war/n successRate=4 Attacker+3 Time-Starting+0 event
call/n successRate=2 Time-Starting+1 Entity+2 noEvent
election/n successRate=3 Time-Within+1 event
bankruptcy/n successRate=4 Org+4 event
battle/n successRate=4 Place+1 Time-Within+4 noEvent
explosion/n successRate=4 Place+0 event
battle/n successRate=4 Attacker+4 Place+2 event
custody/n successRate=3 Place+2 Time-Within+2 Instrument+1 noEvent
terrorism/n successRate=2 Time-Within+1 noEvent
war/n successRate=4 Attacker+1 Place+0 event
election/n successRate=3 Time-Within+1 Place+1 event
election/n successRate=3 Time-Within+2 Person+1 event
election/n successRate=3 Person+1 event
killing/n successRate=5 Place+0 event
fight successRate=3 Attacker+2 noEvent
election/n successRate=3 Person+0 event
shot/n successRate=2 Attacker+3 noEvent
travel/n successRate=3 Artifact+4 Agent+1 noEvent
travel/n successRate=3 Artifact+3 Agent+0 noEvent
meet successRate=3 Place+1 Entity+4 noEvent
advance/n successRate=2 Destination+3 event
war/n successRate=4 Attacker+1 event
battle/n successRate=4 Attacker+4 Place+3 event
war/n successRate=4 Attacker+3 event
retreat/n successRate=2 Time-Within+1 Artifact+0 Agent+4 Destination+3 Time-Holds+1 noEvent
talk/n successRate=3 Entity+1 noEvent
battle/n successRate=4 Attacker+2 Target+3 noEvent
war/n successRate=4 Attacker+2 event
conflict/n successRate=2 Time-Starting+1 event
consultation/n successRate=2 Entity+3 noEvent
war/n successRate=4 Attacker+2 Place+0 noEvent
explosion/n successRate=4 Time-Within+1 Place+4 Target+1 event
explosion/n successRate=4 Time-Within+3 Place+4 event
blast/n successRate=2 Place+1 event
die successRate=4 Victim+3 event
blast/n successRate=2 Time-Within+3 event
explosion/n successRate=4 Instrument+1 event
injured successRate=5 Victim+4 event
explosion/n successRate=4 Time-Within+1 event
injury/n successRate=4 Place+1 Time-Within+1 event
bombings/n successRate=5 Time-Within+4 Place+0 event
war/n successRate=4 Time-Within+1 Place+0 Instrument+0 noEvent
deploy successRate=2 Artifact+4 Destination+3 noEvent
attack/n successRate=4 Attacker+4 Time-Within+1 Instrument+3 event
suit/n successRate=3 Plaintiff+2 noEvent
marriage/n successRate=4 Time-Within+0 event
sept./n successRate=5 Attacker+2 Place+1 event
divorce/n successRate=5 Place+1 Person+4 event
divorce/n successRate=5 Person+0 event
marry successRate=5 Person+2 event
marry successRate=5 Person+2 event
war/n successRate=4 Attacker+0 event
strike/n successRate=4 Attacker+3 Target+3 event
strike/n successRate=4 Attacker+1 Place+0 Target+4 event
siege/n successRate=5 Attacker+1 Place+2 event
expel successRate=5 Artifact+4 Destination+2 noEvent
death/n successRate=3 Place+0 Time-Within+3 Crime+1 Victim+1 Agent+0 event
ambush/n successRate=5 Attacker+2 Time-Within+4 Place+3 event
war/n successRate=4 Attacker+0 event
injury/n successRate=4 Agent+3 Instrument+1 event
explosion/n successRate=4 Attacker+1 noEvent
punch successRate=3 Place+0 Target+2 noEvent
fire/n successRate=3 Time-Within+1 Target+2 event
shot/n successRate=2 Attacker+0 event
shot/n successRate=2 Target+2 Time-Holds+3 noEvent
fire/n successRate=3 Attacker+1 event
battle/n successRate=4 Place+0 event
war/n successRate=4 Attacker+3 event
terrorism/n successRate=2 Attacker+1 Place+0 noEvent
charge successRate=2 Place+1 Prosecutor+1 Defendant+3 event
defeat successRate=2 Target+1 noEvent
talk/n successRate=3 Time-Within+0 Entity+1 noEvent
death/n successRate=3 Time-Within+1 event
birth/n successRate=5 Place+0 noEvent
charge successRate=2 Crime+4 Defendant+4 event
kill successRate=4 Time-Within+2 Agent+3 noEvent
die successRate=4 Victim+2 Agent+4 event
kill successRate=4 Agent+1 noEvent
election/n successRate=3 Time-Within+1 Place+1 noEvent
election/n successRate=3 Time-Within+2 Person+1 noEvent
war/n successRate=4 Attacker+2 event
war/n successRate=4 Place+1 event
war/n successRate=4 Place+2 event
election/n successRate=3 Time-Within+2 noEvent
travel/n successRate=3 Time-Within+2 Artifact+2 Destination+4 event
travel/n successRate=3 Destination+2 event
war/n successRate=4 Attacker+2 Place+0 event
travel/n successRate=3 Agent+2 Origin+1 Destination+3 event
travel/n successRate=3 Agent+1 Origin+0 noEvent
travel/n successRate=3 Destination+1 event
travel/n successRate=3 Time-Within+3 Destination+1 noEvent
war/n successRate=4 Attacker+0 event
letter/n successRate=2 Time-Within+3 Entity+4 event
launch/n successRate=2 Time-Within+4 Artifact+4 Agent+1 Origin+2 Vehicle+2 event
journey/n successRate=5 Origin+0 event
deploy successRate=2 Time-Within+1 Destination+2 event
deploy successRate=2 Time-Within+1 Destination+2 event
arrival/n successRate=5 Time-Within+2 Artifact+2 Destination+4 event
arrive successRate=3 Artifact+2 Time-Ending+0 Destination+3 event
wound successRate=3 Victim+4 event
letter/n successRate=2 Time-Within+3 Entity+4 event
advance/n successRate=2 Artifact+1 noEvent
sue successRate=4 Defendant+1 noEvent
sue successRate=4 Defendant+1 noEvent
retired successRate=2 Position+4 Person+4 Entity+3 event
birth/n successRate=5 Person+0 event
born successRate=3 Time-Within+4 Person+2 event
die successRate=4 Victim+1 event
quit successRate=3 Time-Within+0 Position+4 Person+2 Entity+1 event
step successRate=3 Entity+0 noEvent
removal/n successRate=2 Time-Within+2 Person+4 event
mount successRate=5 Agent+0 noEvent
explosion/n successRate=4 Time-Within+1 Place+4 event
fight successRate=3 Time-Within+2 event
step successRate=3 Time-Within+2 noEvent
fighting/n successRate=4 Attacker+3 Place+0 event
explosion/n successRate=4 Target+1 event
bombings/n successRate=5 Attacker+0 event
attack/n successRate=4 Attacker+1 Place+2 Time-Within+2 event
shootings/n successRate=5 Attacker+3 Place+1 Time-Within+3 event
bombings/n successRate=5 Attacker+0 Time-Within+1 event
meeting/n successRate=4 Time-Within+3 Place+4 Entity+3 event
fight successRate=3 Time-Within+1 noEvent
attack/n successRate=4 Attacker+0 Target+4 event
call/n successRate=2 Place+0 Entity+1 noEvent
bomb successRate=3 Attacker+1 Time-Within+3 Time-Starting+1 event
attack/n successRate=4 Attacker+4 Place+1 Time-Within+3 Target+0 event
attack/n successRate=4 Place+0 Time-Within+3 Target+2 event
strike successRate=3 Attacker+4 Time-Within+4 Target+3 Instrument+3 noEvent
assault/n successRate=3 Attacker+1 Time-Within+1 Instrument+2 noEvent
dead successRate=3 Victim+2 noEvent
defeat successRate=2 Target+1 noEvent
defeat successRate=2 Target+4 noEvent
arrive successRate=3 Time-Ending+2 noEvent
charge successRate=2 Defendant+0 noEvent
fracture successRate=5 Place+2 Victim+1 noEvent
airstrikes/n successRate=5 Attacker+4 Place+2 event
combat/n successRate=3 Attacker+1 Target+0 event
battery/n successRate=4 Attacker+1 Place+0 Instrument+4 event
strike successRate=3 Place+3 event
explosion/n successRate=4 Place+2 noEvent
fighting/n successRate=4 Attacker+0 Place+1 event
arrive successRate=3 Time-Within+0 Origin+1 Destination+3 event
attack/n successRate=4 Attacker+4 Place+3 Time-Within+1 event
hostility/n successRate=5 Attacker+1 Instrument+1 event
combat/n successRate=3 Attacker+0 Target+4 noEvent
arrival/n successRate=5 Artifact+0 Origin+3 noEvent
charge successRate=2 Defendant+4 noEvent
meet successRate=3 Place+2 Time-Within+2 Entity+2 noEvent
blow successRate=2 Place+1 Target+0 noEvent
retire successRate=5 Person+4 Entity+3 event
advance/n successRate=2 Time-Within+1 noEvent
probe successRate=3 Destination+2 noEvent
retire successRate=5 Position+4 Person+3 Entity+2 event
dead successRate=3 Instrument+0 noEvent
advance/n successRate=2 Artifact+4 Destination+2 noEvent
war/n successRate=4 Attacker+0 Place+0 event
attack/n successRate=4 Attacker+2 Place+1 Instrument+1 event
talk/n successRate=3 Place+1 Time-Within+3 Entity+2 noEvent
unleash successRate=3 Attacker+4 noEvent
fighting/n successRate=4 Attacker+0 Place+1 event
dead successRate=3 Victim+0 event
firefight/n successRate=5 Attacker+1 Place+0 Time-Within+1 Target+4 event
ambush successRate=5 Attacker+0 Place+1 Target+3 Instrument+4 event
demonstrate successRate=3 Time-Within+2 Place+2 Entity+2 event
strike/n successRate=4 Attacker+2 Place+4 Target+1 event
protest/n successRate=3 Place+0 Target+0 event
protest/n successRate=3 Place+1 event
war/n successRate=4 Attacker+1 Place+0 event
strike/n successRate=4 Attacker+0 Place+4 Instrument+4 event
conflict/n successRate=2 Time-Starting+0 event
war/n successRate=4 Attacker+2 event
war/n successRate=4 Attacker+1 event
clash/n successRate=3 Attacker+3 Place+4 Target+4 event
demonstration/n successRate=5 Place+0 event
assassination/n successRate=5 Place+3 Victim+4 Agent+0 noEvent
marry successRate=5 Place+4 Person+3 event
marry successRate=5 Place+4 Person+3 event
marry successRate=5 Place+1 Time-Within+1 Person+1 event
telephone/n successRate=2 Place+1 noEvent
war/n successRate=4 Place+1 event
war/n successRate=4 Attacker+1 event
conflict/n successRate=2 Place+1 event
war/n successRate=4 Attacker+1 Place+1 event
bomb successRate=3 Attacker+1 Target+3 noEvent
bomb successRate=3 Attacker+1 Target+3 noEvent
fighting/n successRate=4 Attacker+1 Place+0 noEvent
jail successRate=5 Time-Within+4 Place+0 Person+4 noEvent
appeal/n successRate=3 Time-Within+2 Adjudicator+4 event
appeal/n successRate=3 Place+2 Time-Within+0 Crime+0 Adjudicator+3 event
sentence/n successRate=4 Time-Within+1 Crime+4 Sentence+0 Defendant+1 event
appeal/n successRate=3 Time-Within+1 Crime+1 event
appeal/n successRate=3 Adjudicator+0 event
bankruptcy/n successRate=4 Org+1 event
battle/n successRate=4 Attacker+1 Target+0 event
war/n successRate=4 Attacker+0 event
war/n successRate=4 Target+0 event
war/n successRate=4 Attacker+1 event
appeal/n successRate=3 Time-Within+2 Crime+1 Adjudicator+4 event
jail successRate=5 Time-Within+4 Place+1 Crime+3 Person+4 noEvent
jail successRate=5 Time-Within+4 Place+1 Crime+3 Person+4 noEvent
conviction/n successRate=3 Place+0 Time-Within+1 Crime+3 Defendant+3 event
appeal/n successRate=3 Prosecutor+2 event
conviction/n successRate=3 Time-Within+2 Crime+4 event
sentence/n successRate=4 Time-Within+2 Crime+3 Sentence+0 event
protest/n successRate=3 Target+1 event
charge successRate=2 Crime+3 Defendant+1 event
convict successRate=4 Crime+4 Defendant+1 event
appeal/n successRate=3 Crime+1 Adjudicator+4 event
appeal/n successRate=3 Time-Within+1 event
fight successRate=3 Attacker+3 Place+1 noEvent
jail successRate=5 Person+1 event
death/n successRate=3 Place+1 event
strike successRate=3 Target+1 noEvent
storm successRate=5 Place+2 noEvent
bankruptcy/n successRate=4 Time-Within+2 Place+4 Org+0 event
push/n successRate=4 Artifact+0 noEvent
election/n successRate=3 Time-Within+4 Position+2 Person+0 event
dead successRate=3 Victim+4 event
expel successRate=5 Artifact+2 Agent+0 Origin+4 Destination+3 event
incursion/n successRate=5 Attacker+4 Place+1 event
bomb successRate=3 Time-Within+3 Place+3 Time-Starting+1 event
explosion/n successRate=4 Place+2 event
fight/n successRate=3 Attacker+1 event
casualty/n successRate=2 Place+2 noEvent
casualty/n successRate=2 Time-Within+1 Agent+1 noEvent
casualty/n successRate=2 Time-Within+0 Victim+1 Agent+1 noEvent
wound successRate=3 Time-Within+0 Victim+0 Agent+1 noEvent
wound successRate=3 Time-Within+0 Victim+0 Agent+1 noEvent
casualty/n successRate=2 Place+1 Victim+4 Agent+1 noEvent
casualty/n successRate=2 Place+1 Agent+2 noEvent
fight/n successRate=3 Attacker+1 Place+1 event
drive successRate=2 Time-Within+3 Agent+1 Destination+1 event
contribution/n successRate=2 Place+0 Recipient+2 noEvent
contribution/n successRate=2 Recipient+4 noEvent
talk/n successRate=3 Place+1 Entity+2 noEvent
buyout/n successRate=2 Giver+2 Recipient+0 noEvent
demonstrate successRate=3 Place+4 noEvent
war/n successRate=4 Attacker+1 Place+1 event
custody/n successRate=3 Place+4 Target+2 Time-Ending+1 Person+0 noEvent
murder/n successRate=2 Place+0 Agent+1 noEvent
murder/n successRate=2 Agent+1 noEvent
fight/n successRate=3 Attacker+4 Time-Within+1 noEvent
blow successRate=2 Attacker+2 Target+1 noEvent
fight/n successRate=3 Place+1 Time-Within+1 event
suit/n successRate=3 Plaintiff+4 Time-Within+1 Adjudicator+2 event
strike successRate=3 Attacker+3 Time-Within+4 noEvent
prosecute successRate=3 Place+4 Defendant+3 noEvent
casualty/n successRate=2 Place+3 Victim+0 Agent+1 Instrument+0 noEvent
bomb successRate=3 Attacker+1 Place+2 Target+3 Instrument+4 event
injure successRate=4 Time-Within+3 Place+4 Victim+3 noEvent
letter/n successRate=2 Place+1 noEvent
attack/n successRate=4 Place+2 Time-Within+2 event
bomb successRate=3 Attacker+2 Place+0 Target+3 event
attack/n successRate=4 Place+1 Target+0 event
step successRate=3 Time-Within+2 Person+0 Entity+4 noEvent
appoint successRate=3 Place+1 Time-Within+1 Person+1 Entity+4 event
attack/n successRate=4 Target+1 event
attack/n successRate=4 Attacker+1 Place+1 Target+2 event
blow successRate=2 Place+0 Target+3 event
attack/n successRate=4 Attacker+1 Time-Within+0 event
raid/n successRate=3 Attacker+1 Place+4 Time-Within+2 Target+1 event
bombings/n successRate=5 Attacker+1 Place+1 event
call/n successRate=2 Place+1 Time-Within+3 Entity+4 noEvent
prosecute successRate=3 Crime+2 Defendant+1 noEvent
prosecute successRate=3 Crime+3 Adjudicator+0 Defendant+1 noEvent
step successRate=3 Person+3 event
desert successRate=2 Artifact+2 noEvent
conflict/n successRate=2 Time-Within+0 event
lawsuits/n successRate=5 Defendant+1 event
bomb successRate=3 Attacker+1 Place+1 Time-Starting+1 event
explosion/n successRate=4 Time-Within+0 event
bomb successRate=3 Attacker+2 Time-Within+1 Place+1 event
bomb successRate=3 Attacker+1 Time-Within+2 Place+2 event
smuggle successRate=5 Artifact+0 Agent+0 Origin+0 event
trial/n successRate=4 Time-Within+2 Crime+2 Person+4 Defendant+2 event
custody/n successRate=3 Time-Within+4 Place+0 Crime+4 Person+1 event
trial/n successRate=4 Defendant+1 event
election/n successRate=3 Time-Within+1 Place+1 event
election/n successRate=3 Time-Within+2 Person+1 event
resignation/n successRate=3 Person+0 event
quit successRate=3 Person+3 event
raid/n successRate=3 Attacker+4 Place+4 event
war/n successRate=4 Place+0 event
vest/n successRate=2 Time-At-End+1 noEvent
call/n successRate=2 Time-Starting+4 noEvent
war/n successRate=4 Place+3 event
war/n successRate=4 Place+3 event
terrorism/n successRate=2 Attacker+0 event
detain successRate=5 Place+3 noEvent
detain successRate=5 Place+3 noEvent
detain successRate=5 Place+1 Agent+1 noEvent
detain successRate=5 Place+1 Agent+1 noEvent
atrocity/n successRate=5 Place+4 Victim+0 noEvent
war/n successRate=4 Place+0 event
wound/n successRate=5 Victim+2 noEvent
mutilate successRate=5 Victim+4 noEvent
atrocity/n successRate=5 Victim+0 Agent+2 noEvent
advance/n successRate=2 Agent+0 noEvent
surge successRate=5 Target+3 noEvent
bankruptcy/n successRate=4 Org+1 event
drive successRate=2 Artifact+3 Agent+3 Destination+4 Vehicle+0 noEvent
sentence successRate=4 Adjudicator+1 noEvent
trial/n successRate=4 Time-Within+1 Defendant+0 event
bankruptcy/n successRate=4 Org+3 event
bankruptcy/n successRate=4 Place+2 event
sail successRate=4 Target+0 Origin+2 Vehicle+2 noEvent
sailing/n successRate=5 Target+0 Origin+2 Vehicle+2 noEvent
grab successRate=3 Attacker+4 noEvent
meeting/n successRate=4 Time-Within+0 Entity+2 event
detain successRate=5 Agent+1 noEvent
detain successRate=5 Agent+1 noEvent
dead successRate=3 Agent+4 noEvent
dead successRate=3 Time-Within+2 Agent+4 noEvent
death/n successRate=3 Victim+3 event
kill successRate=4 Victim+2 event
kill successRate=4 Place+0 Victim+1 Agent+2 event
transfer successRate=2 Place+1 Person+4 noEvent
talk/n successRate=3 Entity+0 noEvent
talk/n successRate=3 Entity+1 noEvent
talk/n successRate=3 Entity+1 noEvent
bomb successRate=3 Place+3 event
strike/n successRate=4 Attacker+1 Instrument+0 event
prosecute successRate=3 Defendant+3 noEvent
prosecute successRate=3 Defendant+3 noEvent
conviction/n successRate=3 Time-Within+1 Crime+2 Defendant+1 event
appeal/n successRate=3 Adjudicator+3 event
appeal/n successRate=3 Adjudicator+3 event
demonstrate successRate=3 Place+4 Time-Within+1 Target+1 event
trial/n successRate=4 Defendant+0 event
sentence/n successRate=4 Time-Within+2 Crime+4 Sentence+1 Defendant+1 event
war/n successRate=4 Attacker+0 Time-Within+0 noEvent
crumble successRate=2 Time-Within+3 Org+2 event
war/n successRate=4 Attacker+0 event
gunfire/n successRate=3 Place+1 noEvent
election/n successRate=3 Entity+4 noEvent
election/n successRate=3 Person+0 Entity+2 event
election/n successRate=3 Place+4 event
acquisition/n successRate=5 Artifact+4 event
takeover/n successRate=5 Time-Within+0 Buyer+2 Money+2 event
extradition/n successRate=5 Place+1 Time-Within+3 Sentence+2 Agent+1 Person+1 noEvent
extradition/n successRate=5 Place+1 Time-Within+3 Sentence+2 Agent+0 Person+1 noEvent
extradition/n successRate=5 Place+2 Time-Within+4 Sentence+2 Person+3 noEvent
advance/n successRate=2 Artifact+2 noEvent
extradition/n successRate=5 Agent+2 Person+4 event
prosecution/n successRate=3 Target+0 Person+2 Defendant+0 noEvent
trial/n successRate=4 Place+2 Crime+4 Target+2 event
sentence/n successRate=4 Crime+3 Sentence+1 Defendant+0 event
extradition/n successRate=5 Place+2 Person+4 noEvent
sentence/n successRate=4 Crime+4 Sentence+1 Adjudicator+2 event
sentence/n successRate=4 Place+0 Sentence+1 Adjudicator+2 Defendant+2 event
assassination/n successRate=5 Time-Within+1 Place+4 Victim+4 Agent+0 event
meet successRate=3 Entity+1 noEvent
strike/n successRate=4 Attacker+4 Target+1 event
lawsuit/n successRate=5 Defendant+4 event
attack/n successRate=4 Attacker+4 Time-Within+3 Place+4 event
bombings/n successRate=5 Attacker+3 Time-Within+2 Place+3 event
ambush successRate=5 Attacker+0 Time-Within+0 Place+3 event
ambush successRate=5 Attacker+0 Time-Within+0 Place+3 event
attack/n successRate=4 Attacker+4 Target+1 event
assault successRate=5 Attacker+4 Target+3 event
election/n successRate=3 Place+1 Entity+0 noEvent
appointment/n successRate=2 Place+1 Position+2 Entity+4 noEvent
removal/n successRate=2 Position+0 Person+4 event
removal/n successRate=2 Time-Within+0 Position+1 Person+3 noEvent
call/n successRate=2 Entity+1 noEvent
assassination/n successRate=5 Time-Within+0 Victim+4 Agent+0 event
execution/n successRate=5 Place+1 Agent+3 Instrument+4 noEvent
battle/n successRate=4 Attacker+2 Place+3 Target+2 event
divorce/n successRate=5 Time-Within+2 Person+1 event
custody/n successRate=3 Place+2 Agent+3 Person+4 noEvent
divorce/n successRate=5 Person+1 event
divorce/n successRate=5 Time-Within+4 Person+3 event
explosion/n successRate=4 Place+1 event
explosion/n successRate=4 Place+1 Target+0 event
strike/n successRate=4 Attacker+3 Time-Within+2 Target+1 Instrument+1 event
strike/n successRate=4 Attacker+3 Time-Within+2 Target+3 noEvent
die successRate=4 Place+4 Victim+1 event
strike successRate=3 Attacker+1 Time-Within+3 event
explosion/n successRate=4 Attacker+1 Place+1 Target+1 event
telephone/n successRate=2 Place+4 Entity+1 event
war/n successRate=4 Attacker+0 event
drive successRate=2 Artifact+4 noEvent
drive successRate=2 Time-Within+3 Artifact+0 Destination+4 noEvent
conviction/n successRate=3 Defendant+1 event
charge successRate=2 Defendant+3 noEvent
bomb successRate=3 Time-Within+4 Place+0 event
meet successRate=3 Entity+2 event
talk/n successRate=3 Time-Within+3 noEvent
shoot successRate=3 Target+0 noEvent
bomb successRate=3 Place+0 Instrument+2 noEvent
bomb successRate=3 Place+0 Instrument+2 noEvent
wound/n successRate=5 Victim+1 noEvent
terrorism/n successRate=2 Place+0 Target+1 noEvent
travel successRate=2 Time-Within+0 Artifact+0 Destination+0 event
death/n successRate=3 Agent+1 event
meeting/n successRate=4 Place+4 Entity+1 event
torture successRate=2 Place+3 noEvent
torture successRate=2 Place+3 noEvent
bomb successRate=3 Place+3 Target+4 event
bomb successRate=3 Place+3 Target+4 event
trial/n successRate=4 Place+0 event
murder successRate=5 Place+4 Victim+4 event
execution/n successRate=5 Place+2 Agent+2 event
kill successRate=4 Victim+0 event
trial/n successRate=4 Place+2 Defendant+4 event
war/n successRate=4 Attacker+0 Place+1 event
attack/n successRate=4 Attacker+2 event
attack/n successRate=4 Attacker+3 event
strike/n successRate=4 Time-Within+2 Target+2 event
born successRate=3 Place+0 Person+1 noEvent
birth/n successRate=5 Time-Within+0 Person+1 event
birth/n successRate=5 Person+1 event
arrival/n successRate=5 Time-Within+3 Artifact+3 Agent+1 Destination+4 event
birth/n successRate=5 Time-Within+1 event
fire successRate=3 Target+1 event
shot/n successRate=2 Target+1 event
death/n successRate=3 Victim+3 Agent+3 noEvent
convict successRate=4 Defendant+3 event
trial/n successRate=4 Defendant+0 event
sentence successRate=4 Time-Within+2 Adjudicator+3 Defendant+1 event
death/n successRate=3 Victim+0 Agent+0 noEvent
blast/n successRate=2 Place+4 Time-Within+1 event
death/n successRate=3 Place+2 Time-Within+1 Agent+0 event
death/n successRate=3 Agent+1 event
death/n successRate=3 Victim+2 Agent+0 event
injured successRate=5 Place+0 Victim+4 event
shed successRate=2 Place+4 Vehicle+0 noEvent
explosion/n successRate=4 Place+1 Target+2 event
shed successRate=2 Buyer+1 noEvent
shed successRate=2 Buyer+1 noEvent
wound successRate=3 Place+3 noEvent
wound successRate=3 Place+3 noEvent
attack/n successRate=4 Attacker+4 Target+2 noEvent
donation/n successRate=2 Giver+3 Beneficiary+4 Recipient+2 event
war/n successRate=4 Attacker+0 Place+0 Time-Within+2 event
summit/n successRate=4 Place+1 Time-Within+3 Entity+3 event
postwar successRate=5 Attacker+2 Place+3 Time-Within+0 event
talk/n successRate=3 Place+0 Entity+1 event
summit/n successRate=4 Place+3 Entity+2 event
war/n successRate=4 Attacker+0 Time-Within+2 event
conflict/n successRate=2 Attacker+3 Place+0 noEvent
appointment/n successRate=2 Entity+4 noEvent
conflict/n successRate=2 Place+2 event
postwar successRate=5 Attacker+1 Place+2 noEvent
precede successRate=5 Place+0 Time-Within+0 Person+0 Entity+1 noEvent
precede successRate=5 Place+0 Time-Within+0 Person+0 Entity+1 noEvent
war/n successRate=4 Place+2 event
meet successRate=3 Place+0 Time-Within+1 Entity+0 noEvent
parole/n successRate=5 Time-Within+1 event
parole/n successRate=5 Time-Within+3 Person+2 event
parole/n successRate=5 Crime+0 Person+2 event
jail successRate=5 Place+4 Person+3 event
parole/n successRate=5 Place+2 Person+2 event
parole/n successRate=5 Place+1 Target+1 event
parole/n successRate=5 Person+0 event
parole/n successRate=5 Time-Within+1 event
parole/n successRate=5 Time-Within+1 event
appeal/n successRate=3 Place+1 Adjudicator+4 noEvent
appeal/n successRate=3 Time-Within+1 Adjudicator+4 noEvent
war/n successRate=4 Attacker+0 event
election/n successRate=3 Place+2 noEvent
election/n successRate=3 Person+1 noEvent
election/n successRate=3 Place+0 Time-Within+0 Person+1 event
bomb successRate=3 Attacker+4 Place+2 Time-Within+3 noEvent
terrorism/n successRate=2 Attacker+4 Place+4 Time-Within+0 event
conflict/n successRate=2 Attacker+1 event
bomb successRate=3 Attacker+1 Place+1 Time-Within+1 Target+4 event
die successRate=4 Place+1 Victim+1 Agent+3 event
bombings/n successRate=5 Attacker+1 Place+1 event
terrorism/n successRate=2 Attacker+0 Time-Within+2 event
terrorism/n successRate=2 Attacker+1 event
battle/n successRate=4 Place+2 Instrument+0 event
strike/n successRate=4 Place+2 Instrument+2 event
battle/n successRate=4 Attacker+4 Place+1 event
explosion/n successRate=4 Place+0 noEvent
invasion/n successRate=5 Attacker+0 event
conflict/n successRate=2 Attacker+4 event
war/n successRate=4 Attacker+1 Time-Within+1 event
talk/n successRate=3 Place+0 Time-After+1 Entity+0 noEvent
battle/n successRate=4 Attacker+3 Time-Within+1 Place+3 Target+2 noEvent
raid/n successRate=3 Time-Within+1 Target+3 event
emerge successRate=2 Place+0 Instrument+2 noEvent
emerge successRate=2 Place+0 Instrument+2 noEvent
fire/n successRate=3 Attacker+2 Target+2 Instrument+1 event
fire successRate=3 Attacker+3 Instrument+3 noEvent
shot/n successRate=2 Attacker+3 Target+4 event
dead successRate=3 Place+1 Victim+3 noEvent
wound successRate=3 Place+1 Victim+2 Agent+0 event
flee successRate=4 Time-Within+0 Artifact+1 noEvent
mount successRate=5 Artifact+4 Instrument+0 Person+0 noEvent
death/n successRate=3 Place+2 Time-Within+0 event
bombings/n successRate=5 Attacker+1 event
arrival/n successRate=5 Artifact+4 Agent+1 Destination+1 event
marry successRate=5 Time-Within+3 Place+1 Person+4 event
sicken successRate=3 Agent+0 noEvent
mount successRate=5 Artifact+1 noEvent
raid/n successRate=3 Target+2 noEvent
killing/n successRate=5 Agent+4 Person+2 noEvent
